ARM GAS  C:\Users\John_B\AppData\Local\Temp\ccqPYDnV.s 			page 1


   1              		.syntax unified
   2              		.cpu cortex-m0
   3              		.fpu softvfp
   4              		.eabi_attribute 20, 1
   5              		.eabi_attribute 21, 1
   6              		.eabi_attribute 23, 3
   7              		.eabi_attribute 24, 1
   8              		.eabi_attribute 25, 1
   9              		.eabi_attribute 26, 1
  10              		.eabi_attribute 30, 1
  11              		.eabi_attribute 34, 0
  12              		.eabi_attribute 18, 4
  13              		.thumb
  14              		.syntax unified
  15              		.file	"cyfitter_cfg.c"
  16              		.text
  17              	.Ltext0:
  18              		.cfi_sections	.debug_frame
  19              		.section	.text.CYMEMZERO,"ax",%progbits
  20              		.align	2
  21              		.code	16
  22              		.thumb_func
  23              		.type	CYMEMZERO, %function
  24              	CYMEMZERO:
  25              	.LFB0:
  26              		.file 1 "Generated_Source\\PSoC4\\cyfitter_cfg.c"
   1:Generated_Source\PSoC4/cyfitter_cfg.c **** 
   2:Generated_Source\PSoC4/cyfitter_cfg.c **** /*******************************************************************************
   3:Generated_Source\PSoC4/cyfitter_cfg.c **** * File Name: cyfitter_cfg.c
   4:Generated_Source\PSoC4/cyfitter_cfg.c **** * 
   5:Generated_Source\PSoC4/cyfitter_cfg.c **** * PSoC Creator  4.3
   6:Generated_Source\PSoC4/cyfitter_cfg.c **** *
   7:Generated_Source\PSoC4/cyfitter_cfg.c **** * Description:
   8:Generated_Source\PSoC4/cyfitter_cfg.c **** * This file contains device initialization code.
   9:Generated_Source\PSoC4/cyfitter_cfg.c **** * Except for the user defined sections in CyClockStartupError(), this file should not be modified.
  10:Generated_Source\PSoC4/cyfitter_cfg.c **** * This file is automatically generated by PSoC Creator.
  11:Generated_Source\PSoC4/cyfitter_cfg.c **** *
  12:Generated_Source\PSoC4/cyfitter_cfg.c **** ********************************************************************************
  13:Generated_Source\PSoC4/cyfitter_cfg.c **** * Copyright (c) 2007-2019 Cypress Semiconductor.  All rights reserved.
  14:Generated_Source\PSoC4/cyfitter_cfg.c **** * You may use this file only in accordance with the license, terms, conditions, 
  15:Generated_Source\PSoC4/cyfitter_cfg.c **** * disclaimers, and limitations in the end user license agreement accompanying 
  16:Generated_Source\PSoC4/cyfitter_cfg.c **** * the software package with which this file was provided.
  17:Generated_Source\PSoC4/cyfitter_cfg.c **** ********************************************************************************/
  18:Generated_Source\PSoC4/cyfitter_cfg.c **** 
  19:Generated_Source\PSoC4/cyfitter_cfg.c **** #include <string.h>
  20:Generated_Source\PSoC4/cyfitter_cfg.c **** #include "cytypes.h"
  21:Generated_Source\PSoC4/cyfitter_cfg.c **** #include "cydevice_trm.h"
  22:Generated_Source\PSoC4/cyfitter_cfg.c **** #include "cyfitter.h"
  23:Generated_Source\PSoC4/cyfitter_cfg.c **** #include "CyLib.h"
  24:Generated_Source\PSoC4/cyfitter_cfg.c **** #include "CyLFClk.h"
  25:Generated_Source\PSoC4/cyfitter_cfg.c **** #include "cyfitter_cfg.h"
  26:Generated_Source\PSoC4/cyfitter_cfg.c **** #include "cyapicallbacks.h"
  27:Generated_Source\PSoC4/cyfitter_cfg.c **** 
  28:Generated_Source\PSoC4/cyfitter_cfg.c **** 
  29:Generated_Source\PSoC4/cyfitter_cfg.c **** #if defined(__GNUC__) || defined(__ARMCC_VERSION)
  30:Generated_Source\PSoC4/cyfitter_cfg.c ****     #define CYPACKED 
  31:Generated_Source\PSoC4/cyfitter_cfg.c ****     #define CYPACKED_ATTR __attribute__ ((packed))
ARM GAS  C:\Users\John_B\AppData\Local\Temp\ccqPYDnV.s 			page 2


  32:Generated_Source\PSoC4/cyfitter_cfg.c ****     #define CYALIGNED __attribute__ ((aligned))
  33:Generated_Source\PSoC4/cyfitter_cfg.c ****     #define CY_CFG_UNUSED __attribute__ ((unused))
  34:Generated_Source\PSoC4/cyfitter_cfg.c ****     #ifndef CY_CFG_SECTION
  35:Generated_Source\PSoC4/cyfitter_cfg.c ****         #define CY_CFG_SECTION __attribute__ ((section(".psocinit")))
  36:Generated_Source\PSoC4/cyfitter_cfg.c ****     #endif
  37:Generated_Source\PSoC4/cyfitter_cfg.c ****     
  38:Generated_Source\PSoC4/cyfitter_cfg.c ****     #if defined(__ARMCC_VERSION)
  39:Generated_Source\PSoC4/cyfitter_cfg.c ****         #define CY_CFG_MEMORY_BARRIER() __memory_changed()
  40:Generated_Source\PSoC4/cyfitter_cfg.c ****     #else
  41:Generated_Source\PSoC4/cyfitter_cfg.c ****         #define CY_CFG_MEMORY_BARRIER() __sync_synchronize()
  42:Generated_Source\PSoC4/cyfitter_cfg.c ****     #endif
  43:Generated_Source\PSoC4/cyfitter_cfg.c ****     
  44:Generated_Source\PSoC4/cyfitter_cfg.c **** #elif defined(__ICCARM__)
  45:Generated_Source\PSoC4/cyfitter_cfg.c ****     #include <intrinsics.h>
  46:Generated_Source\PSoC4/cyfitter_cfg.c **** 
  47:Generated_Source\PSoC4/cyfitter_cfg.c ****     #define CYPACKED __packed
  48:Generated_Source\PSoC4/cyfitter_cfg.c ****     #define CYPACKED_ATTR 
  49:Generated_Source\PSoC4/cyfitter_cfg.c ****     #define CYALIGNED _Pragma("data_alignment=4")
  50:Generated_Source\PSoC4/cyfitter_cfg.c ****     #define CY_CFG_UNUSED _Pragma("diag_suppress=Pe177")
  51:Generated_Source\PSoC4/cyfitter_cfg.c ****     #define CY_CFG_SECTION _Pragma("location=\".psocinit\"")
  52:Generated_Source\PSoC4/cyfitter_cfg.c ****     
  53:Generated_Source\PSoC4/cyfitter_cfg.c ****     #define CY_CFG_MEMORY_BARRIER() __DMB()
  54:Generated_Source\PSoC4/cyfitter_cfg.c ****     
  55:Generated_Source\PSoC4/cyfitter_cfg.c **** #else
  56:Generated_Source\PSoC4/cyfitter_cfg.c ****     #error Unsupported toolchain
  57:Generated_Source\PSoC4/cyfitter_cfg.c **** #endif
  58:Generated_Source\PSoC4/cyfitter_cfg.c **** 
  59:Generated_Source\PSoC4/cyfitter_cfg.c **** #ifndef CYCODE
  60:Generated_Source\PSoC4/cyfitter_cfg.c ****     #define CYCODE
  61:Generated_Source\PSoC4/cyfitter_cfg.c **** #endif
  62:Generated_Source\PSoC4/cyfitter_cfg.c **** #ifndef CYDATA
  63:Generated_Source\PSoC4/cyfitter_cfg.c ****     #define CYDATA
  64:Generated_Source\PSoC4/cyfitter_cfg.c **** #endif
  65:Generated_Source\PSoC4/cyfitter_cfg.c **** #ifndef CYFAR
  66:Generated_Source\PSoC4/cyfitter_cfg.c ****     #define CYFAR
  67:Generated_Source\PSoC4/cyfitter_cfg.c **** #endif
  68:Generated_Source\PSoC4/cyfitter_cfg.c **** #ifndef CYXDATA
  69:Generated_Source\PSoC4/cyfitter_cfg.c ****     #define CYXDATA
  70:Generated_Source\PSoC4/cyfitter_cfg.c **** #endif
  71:Generated_Source\PSoC4/cyfitter_cfg.c **** 
  72:Generated_Source\PSoC4/cyfitter_cfg.c **** 
  73:Generated_Source\PSoC4/cyfitter_cfg.c **** CY_CFG_UNUSED
  74:Generated_Source\PSoC4/cyfitter_cfg.c **** static void CYMEMZERO(void *s, size_t n);
  75:Generated_Source\PSoC4/cyfitter_cfg.c **** CY_CFG_UNUSED
  76:Generated_Source\PSoC4/cyfitter_cfg.c **** static void CYMEMZERO(void *s, size_t n)
  77:Generated_Source\PSoC4/cyfitter_cfg.c **** {
  27              		.loc 1 77 0
  28              		.cfi_startproc
  29              		@ args = 0, pretend = 0, frame = 0
  30              		@ frame_needed = 0, uses_anonymous_args = 0
  31              	.LVL0:
  32 0000 10B5     		push	{r4, lr}
  33              		.cfi_def_cfa_offset 8
  34              		.cfi_offset 4, -8
  35              		.cfi_offset 14, -4
  36 0002 0A00     		movs	r2, r1
  78:Generated_Source\PSoC4/cyfitter_cfg.c **** 	(void)memset(s, 0, n);
ARM GAS  C:\Users\John_B\AppData\Local\Temp\ccqPYDnV.s 			page 3


  37              		.loc 1 78 0
  38 0004 0021     		movs	r1, #0
  39              	.LVL1:
  40 0006 FFF7FEFF 		bl	memset
  41              	.LVL2:
  79:Generated_Source\PSoC4/cyfitter_cfg.c **** }
  42              		.loc 1 79 0
  43              		@ sp needed
  44 000a 10BD     		pop	{r4, pc}
  45              		.cfi_endproc
  46              	.LFE0:
  47              		.size	CYMEMZERO, .-CYMEMZERO
  48              		.section	.psocinit,"ax",%progbits
  49              		.align	2
  50              		.code	16
  51              		.thumb_func
  52              		.type	ClockSetup, %function
  53              	ClockSetup:
  54              	.LFB3:
  80:Generated_Source\PSoC4/cyfitter_cfg.c **** CY_CFG_UNUSED
  81:Generated_Source\PSoC4/cyfitter_cfg.c **** static void CYCONFIGCPY(void *dest, const void *src, size_t n);
  82:Generated_Source\PSoC4/cyfitter_cfg.c **** CY_CFG_UNUSED
  83:Generated_Source\PSoC4/cyfitter_cfg.c **** static void CYCONFIGCPY(void *dest, const void *src, size_t n)
  84:Generated_Source\PSoC4/cyfitter_cfg.c **** {
  85:Generated_Source\PSoC4/cyfitter_cfg.c **** 	(void)memcpy(dest, src, n);
  86:Generated_Source\PSoC4/cyfitter_cfg.c **** }
  87:Generated_Source\PSoC4/cyfitter_cfg.c **** CY_CFG_UNUSED
  88:Generated_Source\PSoC4/cyfitter_cfg.c **** static void CYCONFIGCPYCODE(void *dest, const void *src, size_t n);
  89:Generated_Source\PSoC4/cyfitter_cfg.c **** CY_CFG_UNUSED
  90:Generated_Source\PSoC4/cyfitter_cfg.c **** static void CYCONFIGCPYCODE(void *dest, const void *src, size_t n)
  91:Generated_Source\PSoC4/cyfitter_cfg.c **** {
  92:Generated_Source\PSoC4/cyfitter_cfg.c **** 	(void)memcpy(dest, src, n);
  93:Generated_Source\PSoC4/cyfitter_cfg.c **** }
  94:Generated_Source\PSoC4/cyfitter_cfg.c **** 
  95:Generated_Source\PSoC4/cyfitter_cfg.c **** 
  96:Generated_Source\PSoC4/cyfitter_cfg.c **** 
  97:Generated_Source\PSoC4/cyfitter_cfg.c **** 
  98:Generated_Source\PSoC4/cyfitter_cfg.c **** /* Clock startup error codes                                                   */
  99:Generated_Source\PSoC4/cyfitter_cfg.c **** #define CYCLOCKSTART_NO_ERROR    0u
 100:Generated_Source\PSoC4/cyfitter_cfg.c **** #define CYCLOCKSTART_XTAL_ERROR  1u
 101:Generated_Source\PSoC4/cyfitter_cfg.c **** #define CYCLOCKSTART_32KHZ_ERROR 2u
 102:Generated_Source\PSoC4/cyfitter_cfg.c **** #define CYCLOCKSTART_PLL_ERROR   3u
 103:Generated_Source\PSoC4/cyfitter_cfg.c **** #define CYCLOCKSTART_FLL_ERROR   4u
 104:Generated_Source\PSoC4/cyfitter_cfg.c **** #define CYCLOCKSTART_WCO_ERROR   5u
 105:Generated_Source\PSoC4/cyfitter_cfg.c **** 
 106:Generated_Source\PSoC4/cyfitter_cfg.c **** 
 107:Generated_Source\PSoC4/cyfitter_cfg.c **** #ifdef CY_NEED_CYCLOCKSTARTUPERROR
 108:Generated_Source\PSoC4/cyfitter_cfg.c **** /*******************************************************************************
 109:Generated_Source\PSoC4/cyfitter_cfg.c **** * Function Name: CyClockStartupError
 110:Generated_Source\PSoC4/cyfitter_cfg.c **** ********************************************************************************
 111:Generated_Source\PSoC4/cyfitter_cfg.c **** * Summary:
 112:Generated_Source\PSoC4/cyfitter_cfg.c **** *  If an error is encountered during clock configuration (crystal startup error,
 113:Generated_Source\PSoC4/cyfitter_cfg.c **** *  PLL lock error, etc.), the system will end up here.  Unless reimplemented by
 114:Generated_Source\PSoC4/cyfitter_cfg.c **** *  the customer, this function will stop in an infinite loop.
 115:Generated_Source\PSoC4/cyfitter_cfg.c **** *
 116:Generated_Source\PSoC4/cyfitter_cfg.c **** * Parameters:
 117:Generated_Source\PSoC4/cyfitter_cfg.c **** *   void
ARM GAS  C:\Users\John_B\AppData\Local\Temp\ccqPYDnV.s 			page 4


 118:Generated_Source\PSoC4/cyfitter_cfg.c **** *
 119:Generated_Source\PSoC4/cyfitter_cfg.c **** * Return:
 120:Generated_Source\PSoC4/cyfitter_cfg.c **** *   void
 121:Generated_Source\PSoC4/cyfitter_cfg.c **** *
 122:Generated_Source\PSoC4/cyfitter_cfg.c **** *******************************************************************************/
 123:Generated_Source\PSoC4/cyfitter_cfg.c **** CY_CFG_UNUSED
 124:Generated_Source\PSoC4/cyfitter_cfg.c **** static void CyClockStartupError(uint8 errorCode);
 125:Generated_Source\PSoC4/cyfitter_cfg.c **** CY_CFG_UNUSED
 126:Generated_Source\PSoC4/cyfitter_cfg.c **** static void CyClockStartupError(uint8 errorCode)
 127:Generated_Source\PSoC4/cyfitter_cfg.c **** {
 128:Generated_Source\PSoC4/cyfitter_cfg.c ****     /* To remove the compiler warning if errorCode not used.                */
 129:Generated_Source\PSoC4/cyfitter_cfg.c ****     errorCode = errorCode;
 130:Generated_Source\PSoC4/cyfitter_cfg.c **** 
 131:Generated_Source\PSoC4/cyfitter_cfg.c ****     /* If we have a clock startup error (bad MHz crystal, PLL lock, etc.),  */
 132:Generated_Source\PSoC4/cyfitter_cfg.c ****     /* we will end up here to allow the customer to implement something to  */
 133:Generated_Source\PSoC4/cyfitter_cfg.c ****     /* deal with the clock condition.                                       */
 134:Generated_Source\PSoC4/cyfitter_cfg.c **** 
 135:Generated_Source\PSoC4/cyfitter_cfg.c **** #ifdef CY_CFG_CLOCK_STARTUP_ERROR_CALLBACK
 136:Generated_Source\PSoC4/cyfitter_cfg.c ****     CY_CFG_Clock_Startup_ErrorCallback();
 137:Generated_Source\PSoC4/cyfitter_cfg.c **** #else
 138:Generated_Source\PSoC4/cyfitter_cfg.c ****     /*  If not using CY_CFG_CLOCK_STARTUP_ERROR_CALLBACK, place your clock startup code here. */
 139:Generated_Source\PSoC4/cyfitter_cfg.c ****     /* `#START CyClockStartupError` */
 140:Generated_Source\PSoC4/cyfitter_cfg.c **** 
 141:Generated_Source\PSoC4/cyfitter_cfg.c **** 
 142:Generated_Source\PSoC4/cyfitter_cfg.c **** 
 143:Generated_Source\PSoC4/cyfitter_cfg.c ****     /* `#END` */
 144:Generated_Source\PSoC4/cyfitter_cfg.c **** 
 145:Generated_Source\PSoC4/cyfitter_cfg.c ****     while(1) {}
 146:Generated_Source\PSoC4/cyfitter_cfg.c **** #endif /* CY_CFG_CLOCK_STARTUP_ERROR_CALLBACK */
 147:Generated_Source\PSoC4/cyfitter_cfg.c **** }
 148:Generated_Source\PSoC4/cyfitter_cfg.c **** #endif
 149:Generated_Source\PSoC4/cyfitter_cfg.c **** 
 150:Generated_Source\PSoC4/cyfitter_cfg.c **** 
 151:Generated_Source\PSoC4/cyfitter_cfg.c **** 
 152:Generated_Source\PSoC4/cyfitter_cfg.c **** /*******************************************************************************
 153:Generated_Source\PSoC4/cyfitter_cfg.c **** * Function Name: ClockSetup
 154:Generated_Source\PSoC4/cyfitter_cfg.c **** ********************************************************************************
 155:Generated_Source\PSoC4/cyfitter_cfg.c **** *
 156:Generated_Source\PSoC4/cyfitter_cfg.c **** * Summary:
 157:Generated_Source\PSoC4/cyfitter_cfg.c **** *   Performs the initialization of all of the clocks in the device based on the
 158:Generated_Source\PSoC4/cyfitter_cfg.c **** *   settings in the Clock tab of the DWR.  This includes enabling the requested
 159:Generated_Source\PSoC4/cyfitter_cfg.c **** *   clocks and setting the necessary dividers to produce the desired frequency. 
 160:Generated_Source\PSoC4/cyfitter_cfg.c **** *
 161:Generated_Source\PSoC4/cyfitter_cfg.c **** * Parameters:
 162:Generated_Source\PSoC4/cyfitter_cfg.c **** *   void
 163:Generated_Source\PSoC4/cyfitter_cfg.c **** *
 164:Generated_Source\PSoC4/cyfitter_cfg.c **** * Return:
 165:Generated_Source\PSoC4/cyfitter_cfg.c **** *   void
 166:Generated_Source\PSoC4/cyfitter_cfg.c **** *
 167:Generated_Source\PSoC4/cyfitter_cfg.c **** *******************************************************************************/
 168:Generated_Source\PSoC4/cyfitter_cfg.c **** static void ClockSetup(void);
 169:Generated_Source\PSoC4/cyfitter_cfg.c **** CY_CFG_SECTION
 170:Generated_Source\PSoC4/cyfitter_cfg.c **** static void ClockSetup(void)
 171:Generated_Source\PSoC4/cyfitter_cfg.c **** {
  55              		.loc 1 171 0
  56              		.cfi_startproc
  57              		@ args = 0, pretend = 0, frame = 0
ARM GAS  C:\Users\John_B\AppData\Local\Temp\ccqPYDnV.s 			page 5


  58              		@ frame_needed = 0, uses_anonymous_args = 0
  59 0000 70B5     		push	{r4, r5, r6, lr}
  60              		.cfi_def_cfa_offset 16
  61              		.cfi_offset 4, -16
  62              		.cfi_offset 5, -12
  63              		.cfi_offset 6, -8
  64              		.cfi_offset 14, -4
 172:Generated_Source\PSoC4/cyfitter_cfg.c **** 	/* Enable HALF_EN before trimming for the flash accelerator. */
 173:Generated_Source\PSoC4/cyfitter_cfg.c **** 	CY_SET_REG32((void CYXDATA *)(CYREG_CLK_SELECT), (CY_GET_REG32((void *)CYREG_CLK_SELECT) | 0x00040
  65              		.loc 1 173 0
  66 0002 0F4C     		ldr	r4, .L3
  67 0004 2368     		ldr	r3, [r4]
  68 0006 8022     		movs	r2, #128
  69 0008 D202     		lsls	r2, r2, #11
  70 000a 1343     		orrs	r3, r2
  71 000c 2360     		str	r3, [r4]
 174:Generated_Source\PSoC4/cyfitter_cfg.c **** 
 175:Generated_Source\PSoC4/cyfitter_cfg.c **** 	/* Setup and trim IMO based on desired frequency. */
 176:Generated_Source\PSoC4/cyfitter_cfg.c **** 	CySysClkWriteImoFreq(24u);
  72              		.loc 1 176 0
  73 000e 1820     		movs	r0, #24
  74 0010 FFF7FEFF 		bl	CySysClkWriteImoFreq
  75              	.LVL3:
 177:Generated_Source\PSoC4/cyfitter_cfg.c **** 
 178:Generated_Source\PSoC4/cyfitter_cfg.c **** 	/* Disable HALF_EN since it is not required at this IMO frequency. */
 179:Generated_Source\PSoC4/cyfitter_cfg.c **** 	CY_SET_REG32((void CYXDATA *)(CYREG_CLK_SELECT), (CY_GET_REG32((void *)CYREG_CLK_SELECT) & 0xFFFBF
  76              		.loc 1 179 0
  77 0014 2268     		ldr	r2, [r4]
  78 0016 0B4B     		ldr	r3, .L3+4
  79 0018 1340     		ands	r3, r2
  80 001a 2360     		str	r3, [r4]
 180:Generated_Source\PSoC4/cyfitter_cfg.c **** 	/* CYDEV_CLK_ILO_CONFIG Starting address: CYDEV_CLK_ILO_CONFIG */
 181:Generated_Source\PSoC4/cyfitter_cfg.c **** 	CY_SET_REG32((void *)(CYREG_CLK_ILO_CONFIG), 0x80000006u);
  81              		.loc 1 181 0
  82 001c 0A4A     		ldr	r2, .L3+8
  83 001e 0B4B     		ldr	r3, .L3+12
  84 0020 1A60     		str	r2, [r3]
 182:Generated_Source\PSoC4/cyfitter_cfg.c **** 
 183:Generated_Source\PSoC4/cyfitter_cfg.c **** 
 184:Generated_Source\PSoC4/cyfitter_cfg.c **** 	/* CYDEV_CLK_IMO_CONFIG Starting address: CYDEV_CLK_IMO_CONFIG */
 185:Generated_Source\PSoC4/cyfitter_cfg.c **** 	CY_SET_REG32((void *)(CYREG_CLK_IMO_CONFIG), 0x80000000u);
  85              		.loc 1 185 0
  86 0022 063A     		subs	r2, r2, #6
  87 0024 0A4B     		ldr	r3, .L3+16
  88 0026 1A60     		str	r2, [r3]
 186:Generated_Source\PSoC4/cyfitter_cfg.c **** 
 187:Generated_Source\PSoC4/cyfitter_cfg.c **** 	/* CYDEV_CLK_SELECT Starting address: CYDEV_CLK_SELECT */
 188:Generated_Source\PSoC4/cyfitter_cfg.c **** 	CY_SET_REG32((void *)(CYREG_CLK_SELECT), 0x00000000u);
  89              		.loc 1 188 0
  90 0028 0025     		movs	r5, #0
  91 002a 2560     		str	r5, [r4]
 189:Generated_Source\PSoC4/cyfitter_cfg.c **** 
 190:Generated_Source\PSoC4/cyfitter_cfg.c **** 	(void)CyIntSetVector(9u, &CySysWdtIsr);
  92              		.loc 1 190 0
  93 002c 0949     		ldr	r1, .L3+20
  94 002e 0920     		movs	r0, #9
  95 0030 FFF7FEFF 		bl	CyIntSetVector
ARM GAS  C:\Users\John_B\AppData\Local\Temp\ccqPYDnV.s 			page 6


  96              	.LVL4:
 191:Generated_Source\PSoC4/cyfitter_cfg.c **** 	CyIntEnable(9u);
  97              		.loc 1 191 0
  98 0034 0920     		movs	r0, #9
  99 0036 FFF7FEFF 		bl	CyIntEnable
 100              	.LVL5:
 192:Generated_Source\PSoC4/cyfitter_cfg.c **** 	CY_SET_REG32((void *)(CYREG_WDT_CONFIG), 0x00000000u);
 101              		.loc 1 192 0
 102 003a 074B     		ldr	r3, .L3+24
 103 003c 1D60     		str	r5, [r3]
 193:Generated_Source\PSoC4/cyfitter_cfg.c **** }
 104              		.loc 1 193 0
 105              		@ sp needed
 106 003e 70BD     		pop	{r4, r5, r6, pc}
 107              	.L4:
 108              		.align	2
 109              	.L3:
 110 0040 00010B40 		.word	1074462976
 111 0044 FFFFFBFF 		.word	-262145
 112 0048 06000080 		.word	-2147483642
 113 004c 04010B40 		.word	1074462980
 114 0050 08010B40 		.word	1074462984
 115 0054 00000000 		.word	CySysWdtIsr
 116 0058 0C020B40 		.word	1074463244
 117              		.cfi_endproc
 118              	.LFE3:
 119              		.size	ClockSetup, .-ClockSetup
 120              		.align	2
 121              		.global	cyfitter_cfg
 122              		.code	16
 123              		.thumb_func
 124              		.type	cyfitter_cfg, %function
 125              	cyfitter_cfg:
 126              	.LFB5:
 194:Generated_Source\PSoC4/cyfitter_cfg.c **** 
 195:Generated_Source\PSoC4/cyfitter_cfg.c **** 
 196:Generated_Source\PSoC4/cyfitter_cfg.c **** /* Analog API Functions */
 197:Generated_Source\PSoC4/cyfitter_cfg.c **** 
 198:Generated_Source\PSoC4/cyfitter_cfg.c **** 
 199:Generated_Source\PSoC4/cyfitter_cfg.c **** /*******************************************************************************
 200:Generated_Source\PSoC4/cyfitter_cfg.c **** * Function Name: AnalogSetDefault
 201:Generated_Source\PSoC4/cyfitter_cfg.c **** ********************************************************************************
 202:Generated_Source\PSoC4/cyfitter_cfg.c **** *
 203:Generated_Source\PSoC4/cyfitter_cfg.c **** * Summary:
 204:Generated_Source\PSoC4/cyfitter_cfg.c **** *  Sets up the analog portions of the chip to default values based on chip
 205:Generated_Source\PSoC4/cyfitter_cfg.c **** *  configuration options from the project.
 206:Generated_Source\PSoC4/cyfitter_cfg.c **** *
 207:Generated_Source\PSoC4/cyfitter_cfg.c **** * Parameters:
 208:Generated_Source\PSoC4/cyfitter_cfg.c **** *  void
 209:Generated_Source\PSoC4/cyfitter_cfg.c **** *
 210:Generated_Source\PSoC4/cyfitter_cfg.c **** * Return:
 211:Generated_Source\PSoC4/cyfitter_cfg.c **** *  void
 212:Generated_Source\PSoC4/cyfitter_cfg.c **** *
 213:Generated_Source\PSoC4/cyfitter_cfg.c **** *******************************************************************************/
 214:Generated_Source\PSoC4/cyfitter_cfg.c **** static void AnalogSetDefault(void);
 215:Generated_Source\PSoC4/cyfitter_cfg.c **** static void AnalogSetDefault(void)
 216:Generated_Source\PSoC4/cyfitter_cfg.c **** {
ARM GAS  C:\Users\John_B\AppData\Local\Temp\ccqPYDnV.s 			page 7


 217:Generated_Source\PSoC4/cyfitter_cfg.c **** }
 218:Generated_Source\PSoC4/cyfitter_cfg.c **** 
 219:Generated_Source\PSoC4/cyfitter_cfg.c **** 
 220:Generated_Source\PSoC4/cyfitter_cfg.c **** 
 221:Generated_Source\PSoC4/cyfitter_cfg.c **** 
 222:Generated_Source\PSoC4/cyfitter_cfg.c **** /*******************************************************************************
 223:Generated_Source\PSoC4/cyfitter_cfg.c **** * Function Name: cyfitter_cfg
 224:Generated_Source\PSoC4/cyfitter_cfg.c **** ********************************************************************************
 225:Generated_Source\PSoC4/cyfitter_cfg.c **** * Summary:
 226:Generated_Source\PSoC4/cyfitter_cfg.c **** *  This function is called by the start-up code for the selected device. It
 227:Generated_Source\PSoC4/cyfitter_cfg.c **** *  performs all of the necessary device configuration based on the design
 228:Generated_Source\PSoC4/cyfitter_cfg.c **** *  settings.  This includes settings from the Design Wide Resources (DWR) such
 229:Generated_Source\PSoC4/cyfitter_cfg.c **** *  as Clocks and Pins as well as any component configuration that is necessary.
 230:Generated_Source\PSoC4/cyfitter_cfg.c **** *
 231:Generated_Source\PSoC4/cyfitter_cfg.c **** * Parameters:
 232:Generated_Source\PSoC4/cyfitter_cfg.c **** *   void
 233:Generated_Source\PSoC4/cyfitter_cfg.c **** *
 234:Generated_Source\PSoC4/cyfitter_cfg.c **** * Return:
 235:Generated_Source\PSoC4/cyfitter_cfg.c **** *   void
 236:Generated_Source\PSoC4/cyfitter_cfg.c **** *
 237:Generated_Source\PSoC4/cyfitter_cfg.c **** *******************************************************************************/
 238:Generated_Source\PSoC4/cyfitter_cfg.c **** CY_CFG_SECTION
 239:Generated_Source\PSoC4/cyfitter_cfg.c **** void cyfitter_cfg(void)
 240:Generated_Source\PSoC4/cyfitter_cfg.c **** {
 127              		.loc 1 240 0
 128              		.cfi_startproc
 129              		@ args = 0, pretend = 0, frame = 0
 130              		@ frame_needed = 0, uses_anonymous_args = 0
 131 005c 10B5     		push	{r4, lr}
 132              		.cfi_def_cfa_offset 8
 133              		.cfi_offset 4, -8
 134              		.cfi_offset 14, -4
 241:Generated_Source\PSoC4/cyfitter_cfg.c **** 	/* Disable interrupts by default. Let user enable if/when they want. */
 242:Generated_Source\PSoC4/cyfitter_cfg.c **** 	CyGlobalIntDisable;
 135              		.loc 1 242 0
 136              		.syntax divided
 137              	@ 242 "Generated_Source\PSoC4\cyfitter_cfg.c" 1
 138 005e 72B6     		CPSID   i
 139              	@ 0 "" 2
 140              	.LVL6:
 141              		.thumb
 142              		.syntax unified
 143              	.LBB2:
 243:Generated_Source\PSoC4/cyfitter_cfg.c **** 
 244:Generated_Source\PSoC4/cyfitter_cfg.c **** 	{
 245:Generated_Source\PSoC4/cyfitter_cfg.c **** 
 246:Generated_Source\PSoC4/cyfitter_cfg.c **** 		CYPACKED typedef struct {
 247:Generated_Source\PSoC4/cyfitter_cfg.c **** 			void CYFAR *address;
 248:Generated_Source\PSoC4/cyfitter_cfg.c **** 			uint16 size;
 249:Generated_Source\PSoC4/cyfitter_cfg.c **** 		} CYPACKED_ATTR cfg_memset_t;
 250:Generated_Source\PSoC4/cyfitter_cfg.c **** 
 251:Generated_Source\PSoC4/cyfitter_cfg.c **** 		static const cfg_memset_t CYCODE cfg_memset_list[] = {
 252:Generated_Source\PSoC4/cyfitter_cfg.c **** 			/* address, size */
 253:Generated_Source\PSoC4/cyfitter_cfg.c **** 			{(void CYFAR *)(CYDEV_UDB_P0_U0_BASE), 1024u},
 254:Generated_Source\PSoC4/cyfitter_cfg.c **** 			{(void CYFAR *)(CYDEV_UDB_DSI0_BASE), 1024u},
 255:Generated_Source\PSoC4/cyfitter_cfg.c **** 		};
 256:Generated_Source\PSoC4/cyfitter_cfg.c **** 
ARM GAS  C:\Users\John_B\AppData\Local\Temp\ccqPYDnV.s 			page 8


 257:Generated_Source\PSoC4/cyfitter_cfg.c **** 		uint8 CYDATA i;
 258:Generated_Source\PSoC4/cyfitter_cfg.c **** 
 259:Generated_Source\PSoC4/cyfitter_cfg.c **** 		/* Zero out critical memory blocks before beginning configuration */
 260:Generated_Source\PSoC4/cyfitter_cfg.c **** 		for (i = 0u; i < (sizeof(cfg_memset_list)/sizeof(cfg_memset_list[0])); i++)
 144              		.loc 1 260 0
 145 0060 0024     		movs	r4, #0
 146 0062 0FE0     		b	.L6
 147              	.LVL7:
 148              	.L7:
 149              	.LBB3:
 261:Generated_Source\PSoC4/cyfitter_cfg.c **** 		{
 262:Generated_Source\PSoC4/cyfitter_cfg.c **** 			const cfg_memset_t CYCODE * CYDATA ms = &cfg_memset_list[i];
 263:Generated_Source\PSoC4/cyfitter_cfg.c **** 			CYMEMZERO(ms->address, (size_t)(uint32)(ms->size));
 150              		.loc 1 263 0 discriminator 3
 151 0064 1948     		ldr	r0, .L8
 152 0066 6200     		lsls	r2, r4, #1
 153 0068 1319     		adds	r3, r2, r4
 154 006a 5900     		lsls	r1, r3, #1
 155 006c 0B00     		movs	r3, r1
 156 006e 4118     		adds	r1, r0, r1
 157 0070 8988     		ldrh	r1, [r1, #4]
 158 0072 1A5A     		ldrh	r2, [r3, r0]
 159 0074 C318     		adds	r3, r0, r3
 160 0076 5888     		ldrh	r0, [r3, #2]
 161 0078 0004     		lsls	r0, r0, #16
 162 007a 1043     		orrs	r0, r2
 163 007c FFF7FEFF 		bl	CYMEMZERO
 164              	.LVL8:
 165              	.LBE3:
 260:Generated_Source\PSoC4/cyfitter_cfg.c **** 		{
 166              		.loc 1 260 0 discriminator 3
 167 0080 0134     		adds	r4, r4, #1
 168              	.LVL9:
 169 0082 E4B2     		uxtb	r4, r4
 170              	.LVL10:
 171              	.L6:
 260:Generated_Source\PSoC4/cyfitter_cfg.c **** 		{
 172              		.loc 1 260 0 is_stmt 0 discriminator 1
 173 0084 012C     		cmp	r4, #1
 174 0086 EDD9     		bls	.L7
 264:Generated_Source\PSoC4/cyfitter_cfg.c **** 		}
 265:Generated_Source\PSoC4/cyfitter_cfg.c **** 
 266:Generated_Source\PSoC4/cyfitter_cfg.c **** 		/* HSIOM Starting address: CYDEV_HSIOM_BASE */
 267:Generated_Source\PSoC4/cyfitter_cfg.c **** 		CY_SET_REG32((void *)(CYREG_HSIOM_PORT_SEL3), 0x0000EE00u);
 175              		.loc 1 267 0 is_stmt 1
 176 0088 EE22     		movs	r2, #238
 177 008a 1202     		lsls	r2, r2, #8
 178 008c 104B     		ldr	r3, .L8+4
 179 008e 1A60     		str	r2, [r3]
 268:Generated_Source\PSoC4/cyfitter_cfg.c **** 
 269:Generated_Source\PSoC4/cyfitter_cfg.c **** 		/* UDB_PA_0 Starting address: CYDEV_UDB_PA0_BASE */
 270:Generated_Source\PSoC4/cyfitter_cfg.c **** 		CY_SET_REG32((void *)(CYDEV_UDB_PA0_BASE), 0x00990000u);
 180              		.loc 1 270 0
 181 0090 9923     		movs	r3, #153
 182 0092 1B04     		lsls	r3, r3, #16
 183 0094 0F4A     		ldr	r2, .L8+8
 184 0096 1360     		str	r3, [r2]
ARM GAS  C:\Users\John_B\AppData\Local\Temp\ccqPYDnV.s 			page 9


 271:Generated_Source\PSoC4/cyfitter_cfg.c **** 
 272:Generated_Source\PSoC4/cyfitter_cfg.c **** 		/* UDB_PA_1 Starting address: CYDEV_UDB_PA1_BASE */
 273:Generated_Source\PSoC4/cyfitter_cfg.c **** 		CY_SET_REG32((void *)(CYDEV_UDB_PA1_BASE), 0x00990000u);
 185              		.loc 1 273 0
 186 0098 0F4A     		ldr	r2, .L8+12
 187 009a 1360     		str	r3, [r2]
 274:Generated_Source\PSoC4/cyfitter_cfg.c **** 
 275:Generated_Source\PSoC4/cyfitter_cfg.c **** 		/* UDB_PA_3 Starting address: CYDEV_UDB_PA3_BASE */
 276:Generated_Source\PSoC4/cyfitter_cfg.c **** 		CY_SET_REG32((void *)(CYDEV_UDB_PA3_BASE), 0x00990000u);
 188              		.loc 1 276 0
 189 009c 0F4A     		ldr	r2, .L8+16
 190 009e 1360     		str	r3, [r2]
 277:Generated_Source\PSoC4/cyfitter_cfg.c **** 
 278:Generated_Source\PSoC4/cyfitter_cfg.c **** 		/* Enable digital routing */
 279:Generated_Source\PSoC4/cyfitter_cfg.c **** 		CY_SET_XTND_REG8((void *)CYREG_UDB_UDBIF_BANK_CTL, (uint8)(CY_GET_XTND_REG8((void *)CYREG_UDB_UDB
 191              		.loc 1 279 0
 192 00a0 0F4A     		ldr	r2, .L8+20
 193 00a2 1178     		ldrb	r1, [r2]
 194 00a4 0623     		movs	r3, #6
 195 00a6 0B43     		orrs	r3, r1
 196 00a8 DBB2     		uxtb	r3, r3
 197 00aa 1370     		strb	r3, [r2]
 198              	.LBE2:
 280:Generated_Source\PSoC4/cyfitter_cfg.c **** 	}
 281:Generated_Source\PSoC4/cyfitter_cfg.c **** 
 282:Generated_Source\PSoC4/cyfitter_cfg.c **** 	/* Perform second pass device configuration. These items must be configured in specific order afte
 283:Generated_Source\PSoC4/cyfitter_cfg.c **** 	/* IOPINS0_0 Starting address: CYDEV_PRT0_BASE */
 284:Generated_Source\PSoC4/cyfitter_cfg.c **** 	CY_SET_REG32((void *)(CYREG_PRT0_PC), 0x00DB6DB6u);
 199              		.loc 1 284 0
 200 00ac 0D4A     		ldr	r2, .L8+24
 201 00ae 0E4B     		ldr	r3, .L8+28
 202 00b0 1A60     		str	r2, [r3]
 285:Generated_Source\PSoC4/cyfitter_cfg.c **** 
 286:Generated_Source\PSoC4/cyfitter_cfg.c **** 	/* IOPINS0_1 Starting address: CYDEV_PRT1_BASE */
 287:Generated_Source\PSoC4/cyfitter_cfg.c **** 	CY_SET_REG32((void *)(CYREG_PRT1_PC), 0x00000001u);
 203              		.loc 1 287 0
 204 00b2 0123     		movs	r3, #1
 205 00b4 0D4A     		ldr	r2, .L8+32
 206 00b6 1360     		str	r3, [r2]
 288:Generated_Source\PSoC4/cyfitter_cfg.c **** 	CY_SET_REG32((void *)(CYREG_PRT1_INTCFG), 0x00000001u);
 207              		.loc 1 288 0
 208 00b8 0D4A     		ldr	r2, .L8+36
 209 00ba 1360     		str	r3, [r2]
 289:Generated_Source\PSoC4/cyfitter_cfg.c **** 
 290:Generated_Source\PSoC4/cyfitter_cfg.c **** 	/* IOPINS0_3 Starting address: CYDEV_PRT3_BASE */
 291:Generated_Source\PSoC4/cyfitter_cfg.c **** 	CY_SET_REG32((void *)(CYREG_PRT3_PC), 0x00000D80u);
 210              		.loc 1 291 0
 211 00bc D822     		movs	r2, #216
 212 00be 1201     		lsls	r2, r2, #4
 213 00c0 0C4B     		ldr	r3, .L8+40
 214 00c2 1A60     		str	r2, [r3]
 292:Generated_Source\PSoC4/cyfitter_cfg.c **** 
 293:Generated_Source\PSoC4/cyfitter_cfg.c **** 
 294:Generated_Source\PSoC4/cyfitter_cfg.c **** 	/* Setup clocks based on selections from Clock DWR */
 295:Generated_Source\PSoC4/cyfitter_cfg.c **** 	ClockSetup();
 215              		.loc 1 295 0
 216 00c4 FFF79CFF 		bl	ClockSetup
ARM GAS  C:\Users\John_B\AppData\Local\Temp\ccqPYDnV.s 			page 10


 217              	.LVL11:
 296:Generated_Source\PSoC4/cyfitter_cfg.c **** 
 297:Generated_Source\PSoC4/cyfitter_cfg.c **** 	/* Perform basic analog initialization to defaults */
 298:Generated_Source\PSoC4/cyfitter_cfg.c **** 	AnalogSetDefault();
 299:Generated_Source\PSoC4/cyfitter_cfg.c **** 
 300:Generated_Source\PSoC4/cyfitter_cfg.c **** }
 218              		.loc 1 300 0
 219              		@ sp needed
 220              	.LVL12:
 221 00c8 10BD     		pop	{r4, pc}
 222              	.L9:
 223 00ca C046     		.align	2
 224              	.L8:
 225 00cc 00000000 		.word	.LANCHOR0
 226 00d0 0C000140 		.word	1073807372
 227 00d4 00500F40 		.word	1074745344
 228 00d8 10500F40 		.word	1074745360
 229 00dc 30500F40 		.word	1074745392
 230 00e0 00700F40 		.word	1074753536
 231 00e4 B66DDB00 		.word	14380470
 232 00e8 08000440 		.word	1074003976
 233 00ec 08010440 		.word	1074004232
 234 00f0 0C010440 		.word	1074004236
 235 00f4 08030440 		.word	1074004744
 236              		.cfi_endproc
 237              	.LFE5:
 238              		.size	cyfitter_cfg, .-cyfitter_cfg
 239              		.section	.rodata
 240              		.align	2
 241              		.set	.LANCHOR0,. + 0
 242              		.type	cfg_memset_list.4847, %object
 243              		.size	cfg_memset_list.4847, 12
 244              	cfg_memset_list.4847:
 245 0000 00300F40 		.word	1074737152
 246 0004 0004     		.short	1024
 247 0006 00400F40 		.4byte	1074741248
 248 000a 0004     		.short	1024
 249              		.text
 250              	.Letext0:
 251              		.file 2 "c:\\program files (x86)\\cypress\\psoc creator\\4.3\\psoc creator\\import\\gnu\\arm\\5.4.
 252              		.file 3 "Generated_Source\\PSoC4\\cytypes.h"
 253              		.file 4 "Generated_Source\\PSoC4\\CyLib.h"
 254              		.section	.debug_info,"",%progbits
 255              	.Ldebug_info0:
 256 0000 74020000 		.4byte	0x274
 257 0004 0400     		.2byte	0x4
 258 0006 00000000 		.4byte	.Ldebug_abbrev0
 259 000a 04       		.byte	0x4
 260 000b 01       		.uleb128 0x1
 261 000c 43010000 		.4byte	.LASF29
 262 0010 0C       		.byte	0xc
 263 0011 3A020000 		.4byte	.LASF30
 264 0015 6C000000 		.4byte	.LASF31
 265 0019 00000000 		.4byte	.Ldebug_ranges0+0
 266 001d 00000000 		.4byte	0
 267 0021 00000000 		.4byte	.Ldebug_line0
 268 0025 02       		.uleb128 0x2
ARM GAS  C:\Users\John_B\AppData\Local\Temp\ccqPYDnV.s 			page 11


 269 0026 04       		.byte	0x4
 270 0027 05       		.byte	0x5
 271 0028 696E7400 		.ascii	"int\000"
 272 002c 03       		.uleb128 0x3
 273 002d 06000000 		.4byte	.LASF12
 274 0031 02       		.byte	0x2
 275 0032 D8       		.byte	0xd8
 276 0033 37000000 		.4byte	0x37
 277 0037 04       		.uleb128 0x4
 278 0038 04       		.byte	0x4
 279 0039 07       		.byte	0x7
 280 003a 0A010000 		.4byte	.LASF0
 281 003e 04       		.uleb128 0x4
 282 003f 08       		.byte	0x8
 283 0040 05       		.byte	0x5
 284 0041 E7010000 		.4byte	.LASF1
 285 0045 04       		.uleb128 0x4
 286 0046 08       		.byte	0x8
 287 0047 04       		.byte	0x4
 288 0048 22020000 		.4byte	.LASF2
 289 004c 04       		.uleb128 0x4
 290 004d 01       		.byte	0x1
 291 004e 06       		.byte	0x6
 292 004f 2E020000 		.4byte	.LASF3
 293 0053 04       		.uleb128 0x4
 294 0054 01       		.byte	0x1
 295 0055 08       		.byte	0x8
 296 0056 D4000000 		.4byte	.LASF4
 297 005a 04       		.uleb128 0x4
 298 005b 02       		.byte	0x2
 299 005c 05       		.byte	0x5
 300 005d FA010000 		.4byte	.LASF5
 301 0061 04       		.uleb128 0x4
 302 0062 02       		.byte	0x2
 303 0063 07       		.byte	0x7
 304 0064 37000000 		.4byte	.LASF6
 305 0068 04       		.uleb128 0x4
 306 0069 04       		.byte	0x4
 307 006a 05       		.byte	0x5
 308 006b 19020000 		.4byte	.LASF7
 309 006f 04       		.uleb128 0x4
 310 0070 04       		.byte	0x4
 311 0071 07       		.byte	0x7
 312 0072 5A000000 		.4byte	.LASF8
 313 0076 04       		.uleb128 0x4
 314 0077 08       		.byte	0x8
 315 0078 07       		.byte	0x7
 316 0079 2C010000 		.4byte	.LASF9
 317 007d 04       		.uleb128 0x4
 318 007e 04       		.byte	0x4
 319 007f 07       		.byte	0x7
 320 0080 DE010000 		.4byte	.LASF10
 321 0084 05       		.uleb128 0x5
 322 0085 04       		.byte	0x4
 323 0086 04       		.uleb128 0x4
 324 0087 01       		.byte	0x1
 325 0088 08       		.byte	0x8
ARM GAS  C:\Users\John_B\AppData\Local\Temp\ccqPYDnV.s 			page 12


 326 0089 F5010000 		.4byte	.LASF11
 327 008d 06       		.uleb128 0x6
 328 008e C4000000 		.4byte	.LASF13
 329 0092 03       		.byte	0x3
 330 0093 F701     		.2byte	0x1f7
 331 0095 53000000 		.4byte	0x53
 332 0099 06       		.uleb128 0x6
 333 009a FC000000 		.4byte	.LASF14
 334 009e 03       		.byte	0x3
 335 009f F801     		.2byte	0x1f8
 336 00a1 61000000 		.4byte	0x61
 337 00a5 06       		.uleb128 0x6
 338 00a6 03010000 		.4byte	.LASF15
 339 00aa 03       		.byte	0x3
 340 00ab F901     		.2byte	0x1f9
 341 00ad 6F000000 		.4byte	0x6f
 342 00b1 04       		.uleb128 0x4
 343 00b2 04       		.byte	0x4
 344 00b3 04       		.byte	0x4
 345 00b4 4A000000 		.4byte	.LASF16
 346 00b8 04       		.uleb128 0x4
 347 00b9 08       		.byte	0x8
 348 00ba 04       		.byte	0x4
 349 00bb E9000000 		.4byte	.LASF17
 350 00bf 06       		.uleb128 0x6
 351 00c0 55000000 		.4byte	.LASF18
 352 00c4 03       		.byte	0x3
 353 00c5 A102     		.2byte	0x2a1
 354 00c7 CB000000 		.4byte	0xcb
 355 00cb 07       		.uleb128 0x7
 356 00cc 8D000000 		.4byte	0x8d
 357 00d0 06       		.uleb128 0x6
 358 00d1 00000000 		.4byte	.LASF19
 359 00d5 03       		.byte	0x3
 360 00d6 A302     		.2byte	0x2a3
 361 00d8 DC000000 		.4byte	0xdc
 362 00dc 07       		.uleb128 0x7
 363 00dd A5000000 		.4byte	0xa5
 364 00e1 08       		.uleb128 0x8
 365 00e2 CA000000 		.4byte	.LASF20
 366 00e6 01       		.byte	0x1
 367 00e7 4C       		.byte	0x4c
 368 00e8 00000000 		.4byte	.LFB0
 369 00ec 0C000000 		.4byte	.LFE0-.LFB0
 370 00f0 01       		.uleb128 0x1
 371 00f1 9C       		.byte	0x9c
 372 00f2 2E010000 		.4byte	0x12e
 373 00f6 09       		.uleb128 0x9
 374 00f7 7300     		.ascii	"s\000"
 375 00f9 01       		.byte	0x1
 376 00fa 4C       		.byte	0x4c
 377 00fb 84000000 		.4byte	0x84
 378 00ff 00000000 		.4byte	.LLST0
 379 0103 09       		.uleb128 0x9
 380 0104 6E00     		.ascii	"n\000"
 381 0106 01       		.byte	0x1
 382 0107 4C       		.byte	0x4c
ARM GAS  C:\Users\John_B\AppData\Local\Temp\ccqPYDnV.s 			page 13


 383 0108 2C000000 		.4byte	0x2c
 384 010c 21000000 		.4byte	.LLST1
 385 0110 0A       		.uleb128 0xa
 386 0111 0A000000 		.4byte	.LVL2
 387 0115 4D020000 		.4byte	0x24d
 388 0119 0B       		.uleb128 0xb
 389 011a 01       		.uleb128 0x1
 390 011b 50       		.byte	0x50
 391 011c 03       		.uleb128 0x3
 392 011d F3       		.byte	0xf3
 393 011e 01       		.uleb128 0x1
 394 011f 50       		.byte	0x50
 395 0120 0B       		.uleb128 0xb
 396 0121 01       		.uleb128 0x1
 397 0122 51       		.byte	0x51
 398 0123 01       		.uleb128 0x1
 399 0124 30       		.byte	0x30
 400 0125 0B       		.uleb128 0xb
 401 0126 01       		.uleb128 0x1
 402 0127 52       		.byte	0x52
 403 0128 03       		.uleb128 0x3
 404 0129 F3       		.byte	0xf3
 405 012a 01       		.uleb128 0x1
 406 012b 51       		.byte	0x51
 407 012c 00       		.byte	0
 408 012d 00       		.byte	0
 409 012e 08       		.uleb128 0x8
 410 012f 2C000000 		.4byte	.LASF21
 411 0133 01       		.byte	0x1
 412 0134 AA       		.byte	0xaa
 413 0135 00000000 		.4byte	.LFB3
 414 0139 5C000000 		.4byte	.LFE3-.LFB3
 415 013d 01       		.uleb128 0x1
 416 013e 9C       		.byte	0x9c
 417 013f 79010000 		.4byte	0x179
 418 0143 0C       		.uleb128 0xc
 419 0144 14000000 		.4byte	.LVL3
 420 0148 56020000 		.4byte	0x256
 421 014c 56010000 		.4byte	0x156
 422 0150 0B       		.uleb128 0xb
 423 0151 01       		.uleb128 0x1
 424 0152 50       		.byte	0x50
 425 0153 01       		.uleb128 0x1
 426 0154 48       		.byte	0x48
 427 0155 00       		.byte	0
 428 0156 0C       		.uleb128 0xc
 429 0157 34000000 		.4byte	.LVL4
 430 015b 61020000 		.4byte	0x261
 431 015f 69010000 		.4byte	0x169
 432 0163 0B       		.uleb128 0xb
 433 0164 01       		.uleb128 0x1
 434 0165 50       		.byte	0x50
 435 0166 01       		.uleb128 0x1
 436 0167 39       		.byte	0x39
 437 0168 00       		.byte	0
 438 0169 0A       		.uleb128 0xa
 439 016a 3A000000 		.4byte	.LVL5
ARM GAS  C:\Users\John_B\AppData\Local\Temp\ccqPYDnV.s 			page 14


 440 016e 6C020000 		.4byte	0x26c
 441 0172 0B       		.uleb128 0xb
 442 0173 01       		.uleb128 0x1
 443 0174 50       		.byte	0x50
 444 0175 01       		.uleb128 0x1
 445 0176 39       		.byte	0x39
 446 0177 00       		.byte	0
 447 0178 00       		.byte	0
 448 0179 0D       		.uleb128 0xd
 449 017a 17010000 		.4byte	.LASF32
 450 017e 01       		.byte	0x1
 451 017f EF       		.byte	0xef
 452 0180 5C000000 		.4byte	.LFB5
 453 0184 9C000000 		.4byte	.LFE5-.LFB5
 454 0188 01       		.uleb128 0x1
 455 0189 9C       		.byte	0x9c
 456 018a 4D020000 		.4byte	0x24d
 457 018e 0E       		.uleb128 0xe
 458 018f 60000000 		.4byte	.LBB2
 459 0193 4C000000 		.4byte	.LBE2-.LBB2
 460 0197 43020000 		.4byte	0x243
 461 019b 0F       		.uleb128 0xf
 462 019c 06       		.byte	0x6
 463 019d 01       		.byte	0x1
 464 019e F6       		.byte	0xf6
 465 019f BC010000 		.4byte	0x1bc
 466 01a3 10       		.uleb128 0x10
 467 01a4 24010000 		.4byte	.LASF22
 468 01a8 01       		.byte	0x1
 469 01a9 F7       		.byte	0xf7
 470 01aa 84000000 		.4byte	0x84
 471 01ae 00       		.byte	0
 472 01af 10       		.uleb128 0x10
 473 01b0 50000000 		.4byte	.LASF23
 474 01b4 01       		.byte	0x1
 475 01b5 F8       		.byte	0xf8
 476 01b6 99000000 		.4byte	0x99
 477 01ba 04       		.byte	0x4
 478 01bb 00       		.byte	0
 479 01bc 03       		.uleb128 0x3
 480 01bd D1010000 		.4byte	.LASF24
 481 01c1 01       		.byte	0x1
 482 01c2 F9       		.byte	0xf9
 483 01c3 9B010000 		.4byte	0x19b
 484 01c7 11       		.uleb128 0x11
 485 01c8 D7010000 		.4byte	0x1d7
 486 01cc D7010000 		.4byte	0x1d7
 487 01d0 12       		.uleb128 0x12
 488 01d1 7D000000 		.4byte	0x7d
 489 01d5 01       		.byte	0x1
 490 01d6 00       		.byte	0
 491 01d7 13       		.uleb128 0x13
 492 01d8 BC010000 		.4byte	0x1bc
 493 01dc 14       		.uleb128 0x14
 494 01dd 1C000000 		.4byte	.LASF25
 495 01e1 01       		.byte	0x1
 496 01e2 FB       		.byte	0xfb
ARM GAS  C:\Users\John_B\AppData\Local\Temp\ccqPYDnV.s 			page 15


 497 01e3 ED010000 		.4byte	0x1ed
 498 01e7 05       		.uleb128 0x5
 499 01e8 03       		.byte	0x3
 500 01e9 00000000 		.4byte	cfg_memset_list.4847
 501 01ed 13       		.uleb128 0x13
 502 01ee C7010000 		.4byte	0x1c7
 503 01f2 15       		.uleb128 0x15
 504 01f3 6900     		.ascii	"i\000"
 505 01f5 01       		.byte	0x1
 506 01f6 0101     		.2byte	0x101
 507 01f8 8D000000 		.4byte	0x8d
 508 01fc 4D000000 		.4byte	.LLST2
 509 0200 16       		.uleb128 0x16
 510 0201 64000000 		.4byte	.LBB3
 511 0205 1C000000 		.4byte	.LBE3-.LBB3
 512 0209 15       		.uleb128 0x15
 513 020a 6D7300   		.ascii	"ms\000"
 514 020d 01       		.byte	0x1
 515 020e 0601     		.2byte	0x106
 516 0210 18020000 		.4byte	0x218
 517 0214 77000000 		.4byte	.LLST3
 518 0218 17       		.uleb128 0x17
 519 0219 04       		.byte	0x4
 520 021a D7010000 		.4byte	0x1d7
 521 021e 0A       		.uleb128 0xa
 522 021f 80000000 		.4byte	.LVL8
 523 0223 E1000000 		.4byte	0xe1
 524 0227 0B       		.uleb128 0xb
 525 0228 01       		.uleb128 0x1
 526 0229 51       		.byte	0x51
 527 022a 15       		.uleb128 0x15
 528 022b 74       		.byte	0x74
 529 022c 00       		.sleb128 0
 530 022d 31       		.byte	0x31
 531 022e 24       		.byte	0x24
 532 022f 74       		.byte	0x74
 533 0230 00       		.sleb128 0
 534 0231 22       		.byte	0x22
 535 0232 31       		.byte	0x31
 536 0233 24       		.byte	0x24
 537 0234 03       		.byte	0x3
 538 0235 04000000 		.4byte	.LANCHOR0+4
 539 0239 22       		.byte	0x22
 540 023a 94       		.byte	0x94
 541 023b 02       		.byte	0x2
 542 023c 0A       		.byte	0xa
 543 023d FFFF     		.2byte	0xffff
 544 023f 1A       		.byte	0x1a
 545 0240 00       		.byte	0
 546 0241 00       		.byte	0
 547 0242 00       		.byte	0
 548 0243 18       		.uleb128 0x18
 549 0244 C8000000 		.4byte	.LVL11
 550 0248 2E010000 		.4byte	0x12e
 551 024c 00       		.byte	0
 552 024d 19       		.uleb128 0x19
 553 024e E2000000 		.4byte	.LASF33
ARM GAS  C:\Users\John_B\AppData\Local\Temp\ccqPYDnV.s 			page 16


 554 0252 E2000000 		.4byte	.LASF33
 555 0256 1A       		.uleb128 0x1a
 556 0257 04020000 		.4byte	.LASF26
 557 025b 04020000 		.4byte	.LASF26
 558 025f 04       		.byte	0x4
 559 0260 6C       		.byte	0x6c
 560 0261 1A       		.uleb128 0x1a
 561 0262 0D000000 		.4byte	.LASF27
 562 0266 0D000000 		.4byte	.LASF27
 563 026a 04       		.byte	0x4
 564 026b D0       		.byte	0xd0
 565 026c 1A       		.uleb128 0x1a
 566 026d F0000000 		.4byte	.LASF28
 567 0271 F0000000 		.4byte	.LASF28
 568 0275 04       		.byte	0x4
 569 0276 D6       		.byte	0xd6
 570 0277 00       		.byte	0
 571              		.section	.debug_abbrev,"",%progbits
 572              	.Ldebug_abbrev0:
 573 0000 01       		.uleb128 0x1
 574 0001 11       		.uleb128 0x11
 575 0002 01       		.byte	0x1
 576 0003 25       		.uleb128 0x25
 577 0004 0E       		.uleb128 0xe
 578 0005 13       		.uleb128 0x13
 579 0006 0B       		.uleb128 0xb
 580 0007 03       		.uleb128 0x3
 581 0008 0E       		.uleb128 0xe
 582 0009 1B       		.uleb128 0x1b
 583 000a 0E       		.uleb128 0xe
 584 000b 55       		.uleb128 0x55
 585 000c 17       		.uleb128 0x17
 586 000d 11       		.uleb128 0x11
 587 000e 01       		.uleb128 0x1
 588 000f 10       		.uleb128 0x10
 589 0010 17       		.uleb128 0x17
 590 0011 00       		.byte	0
 591 0012 00       		.byte	0
 592 0013 02       		.uleb128 0x2
 593 0014 24       		.uleb128 0x24
 594 0015 00       		.byte	0
 595 0016 0B       		.uleb128 0xb
 596 0017 0B       		.uleb128 0xb
 597 0018 3E       		.uleb128 0x3e
 598 0019 0B       		.uleb128 0xb
 599 001a 03       		.uleb128 0x3
 600 001b 08       		.uleb128 0x8
 601 001c 00       		.byte	0
 602 001d 00       		.byte	0
 603 001e 03       		.uleb128 0x3
 604 001f 16       		.uleb128 0x16
 605 0020 00       		.byte	0
 606 0021 03       		.uleb128 0x3
 607 0022 0E       		.uleb128 0xe
 608 0023 3A       		.uleb128 0x3a
 609 0024 0B       		.uleb128 0xb
 610 0025 3B       		.uleb128 0x3b
ARM GAS  C:\Users\John_B\AppData\Local\Temp\ccqPYDnV.s 			page 17


 611 0026 0B       		.uleb128 0xb
 612 0027 49       		.uleb128 0x49
 613 0028 13       		.uleb128 0x13
 614 0029 00       		.byte	0
 615 002a 00       		.byte	0
 616 002b 04       		.uleb128 0x4
 617 002c 24       		.uleb128 0x24
 618 002d 00       		.byte	0
 619 002e 0B       		.uleb128 0xb
 620 002f 0B       		.uleb128 0xb
 621 0030 3E       		.uleb128 0x3e
 622 0031 0B       		.uleb128 0xb
 623 0032 03       		.uleb128 0x3
 624 0033 0E       		.uleb128 0xe
 625 0034 00       		.byte	0
 626 0035 00       		.byte	0
 627 0036 05       		.uleb128 0x5
 628 0037 0F       		.uleb128 0xf
 629 0038 00       		.byte	0
 630 0039 0B       		.uleb128 0xb
 631 003a 0B       		.uleb128 0xb
 632 003b 00       		.byte	0
 633 003c 00       		.byte	0
 634 003d 06       		.uleb128 0x6
 635 003e 16       		.uleb128 0x16
 636 003f 00       		.byte	0
 637 0040 03       		.uleb128 0x3
 638 0041 0E       		.uleb128 0xe
 639 0042 3A       		.uleb128 0x3a
 640 0043 0B       		.uleb128 0xb
 641 0044 3B       		.uleb128 0x3b
 642 0045 05       		.uleb128 0x5
 643 0046 49       		.uleb128 0x49
 644 0047 13       		.uleb128 0x13
 645 0048 00       		.byte	0
 646 0049 00       		.byte	0
 647 004a 07       		.uleb128 0x7
 648 004b 35       		.uleb128 0x35
 649 004c 00       		.byte	0
 650 004d 49       		.uleb128 0x49
 651 004e 13       		.uleb128 0x13
 652 004f 00       		.byte	0
 653 0050 00       		.byte	0
 654 0051 08       		.uleb128 0x8
 655 0052 2E       		.uleb128 0x2e
 656 0053 01       		.byte	0x1
 657 0054 03       		.uleb128 0x3
 658 0055 0E       		.uleb128 0xe
 659 0056 3A       		.uleb128 0x3a
 660 0057 0B       		.uleb128 0xb
 661 0058 3B       		.uleb128 0x3b
 662 0059 0B       		.uleb128 0xb
 663 005a 27       		.uleb128 0x27
 664 005b 19       		.uleb128 0x19
 665 005c 11       		.uleb128 0x11
 666 005d 01       		.uleb128 0x1
 667 005e 12       		.uleb128 0x12
ARM GAS  C:\Users\John_B\AppData\Local\Temp\ccqPYDnV.s 			page 18


 668 005f 06       		.uleb128 0x6
 669 0060 40       		.uleb128 0x40
 670 0061 18       		.uleb128 0x18
 671 0062 9742     		.uleb128 0x2117
 672 0064 19       		.uleb128 0x19
 673 0065 01       		.uleb128 0x1
 674 0066 13       		.uleb128 0x13
 675 0067 00       		.byte	0
 676 0068 00       		.byte	0
 677 0069 09       		.uleb128 0x9
 678 006a 05       		.uleb128 0x5
 679 006b 00       		.byte	0
 680 006c 03       		.uleb128 0x3
 681 006d 08       		.uleb128 0x8
 682 006e 3A       		.uleb128 0x3a
 683 006f 0B       		.uleb128 0xb
 684 0070 3B       		.uleb128 0x3b
 685 0071 0B       		.uleb128 0xb
 686 0072 49       		.uleb128 0x49
 687 0073 13       		.uleb128 0x13
 688 0074 02       		.uleb128 0x2
 689 0075 17       		.uleb128 0x17
 690 0076 00       		.byte	0
 691 0077 00       		.byte	0
 692 0078 0A       		.uleb128 0xa
 693 0079 898201   		.uleb128 0x4109
 694 007c 01       		.byte	0x1
 695 007d 11       		.uleb128 0x11
 696 007e 01       		.uleb128 0x1
 697 007f 31       		.uleb128 0x31
 698 0080 13       		.uleb128 0x13
 699 0081 00       		.byte	0
 700 0082 00       		.byte	0
 701 0083 0B       		.uleb128 0xb
 702 0084 8A8201   		.uleb128 0x410a
 703 0087 00       		.byte	0
 704 0088 02       		.uleb128 0x2
 705 0089 18       		.uleb128 0x18
 706 008a 9142     		.uleb128 0x2111
 707 008c 18       		.uleb128 0x18
 708 008d 00       		.byte	0
 709 008e 00       		.byte	0
 710 008f 0C       		.uleb128 0xc
 711 0090 898201   		.uleb128 0x4109
 712 0093 01       		.byte	0x1
 713 0094 11       		.uleb128 0x11
 714 0095 01       		.uleb128 0x1
 715 0096 31       		.uleb128 0x31
 716 0097 13       		.uleb128 0x13
 717 0098 01       		.uleb128 0x1
 718 0099 13       		.uleb128 0x13
 719 009a 00       		.byte	0
 720 009b 00       		.byte	0
 721 009c 0D       		.uleb128 0xd
 722 009d 2E       		.uleb128 0x2e
 723 009e 01       		.byte	0x1
 724 009f 3F       		.uleb128 0x3f
ARM GAS  C:\Users\John_B\AppData\Local\Temp\ccqPYDnV.s 			page 19


 725 00a0 19       		.uleb128 0x19
 726 00a1 03       		.uleb128 0x3
 727 00a2 0E       		.uleb128 0xe
 728 00a3 3A       		.uleb128 0x3a
 729 00a4 0B       		.uleb128 0xb
 730 00a5 3B       		.uleb128 0x3b
 731 00a6 0B       		.uleb128 0xb
 732 00a7 27       		.uleb128 0x27
 733 00a8 19       		.uleb128 0x19
 734 00a9 11       		.uleb128 0x11
 735 00aa 01       		.uleb128 0x1
 736 00ab 12       		.uleb128 0x12
 737 00ac 06       		.uleb128 0x6
 738 00ad 40       		.uleb128 0x40
 739 00ae 18       		.uleb128 0x18
 740 00af 9742     		.uleb128 0x2117
 741 00b1 19       		.uleb128 0x19
 742 00b2 01       		.uleb128 0x1
 743 00b3 13       		.uleb128 0x13
 744 00b4 00       		.byte	0
 745 00b5 00       		.byte	0
 746 00b6 0E       		.uleb128 0xe
 747 00b7 0B       		.uleb128 0xb
 748 00b8 01       		.byte	0x1
 749 00b9 11       		.uleb128 0x11
 750 00ba 01       		.uleb128 0x1
 751 00bb 12       		.uleb128 0x12
 752 00bc 06       		.uleb128 0x6
 753 00bd 01       		.uleb128 0x1
 754 00be 13       		.uleb128 0x13
 755 00bf 00       		.byte	0
 756 00c0 00       		.byte	0
 757 00c1 0F       		.uleb128 0xf
 758 00c2 13       		.uleb128 0x13
 759 00c3 01       		.byte	0x1
 760 00c4 0B       		.uleb128 0xb
 761 00c5 0B       		.uleb128 0xb
 762 00c6 3A       		.uleb128 0x3a
 763 00c7 0B       		.uleb128 0xb
 764 00c8 3B       		.uleb128 0x3b
 765 00c9 0B       		.uleb128 0xb
 766 00ca 01       		.uleb128 0x1
 767 00cb 13       		.uleb128 0x13
 768 00cc 00       		.byte	0
 769 00cd 00       		.byte	0
 770 00ce 10       		.uleb128 0x10
 771 00cf 0D       		.uleb128 0xd
 772 00d0 00       		.byte	0
 773 00d1 03       		.uleb128 0x3
 774 00d2 0E       		.uleb128 0xe
 775 00d3 3A       		.uleb128 0x3a
 776 00d4 0B       		.uleb128 0xb
 777 00d5 3B       		.uleb128 0x3b
 778 00d6 0B       		.uleb128 0xb
 779 00d7 49       		.uleb128 0x49
 780 00d8 13       		.uleb128 0x13
 781 00d9 38       		.uleb128 0x38
ARM GAS  C:\Users\John_B\AppData\Local\Temp\ccqPYDnV.s 			page 20


 782 00da 0B       		.uleb128 0xb
 783 00db 00       		.byte	0
 784 00dc 00       		.byte	0
 785 00dd 11       		.uleb128 0x11
 786 00de 01       		.uleb128 0x1
 787 00df 01       		.byte	0x1
 788 00e0 49       		.uleb128 0x49
 789 00e1 13       		.uleb128 0x13
 790 00e2 01       		.uleb128 0x1
 791 00e3 13       		.uleb128 0x13
 792 00e4 00       		.byte	0
 793 00e5 00       		.byte	0
 794 00e6 12       		.uleb128 0x12
 795 00e7 21       		.uleb128 0x21
 796 00e8 00       		.byte	0
 797 00e9 49       		.uleb128 0x49
 798 00ea 13       		.uleb128 0x13
 799 00eb 2F       		.uleb128 0x2f
 800 00ec 0B       		.uleb128 0xb
 801 00ed 00       		.byte	0
 802 00ee 00       		.byte	0
 803 00ef 13       		.uleb128 0x13
 804 00f0 26       		.uleb128 0x26
 805 00f1 00       		.byte	0
 806 00f2 49       		.uleb128 0x49
 807 00f3 13       		.uleb128 0x13
 808 00f4 00       		.byte	0
 809 00f5 00       		.byte	0
 810 00f6 14       		.uleb128 0x14
 811 00f7 34       		.uleb128 0x34
 812 00f8 00       		.byte	0
 813 00f9 03       		.uleb128 0x3
 814 00fa 0E       		.uleb128 0xe
 815 00fb 3A       		.uleb128 0x3a
 816 00fc 0B       		.uleb128 0xb
 817 00fd 3B       		.uleb128 0x3b
 818 00fe 0B       		.uleb128 0xb
 819 00ff 49       		.uleb128 0x49
 820 0100 13       		.uleb128 0x13
 821 0101 02       		.uleb128 0x2
 822 0102 18       		.uleb128 0x18
 823 0103 00       		.byte	0
 824 0104 00       		.byte	0
 825 0105 15       		.uleb128 0x15
 826 0106 34       		.uleb128 0x34
 827 0107 00       		.byte	0
 828 0108 03       		.uleb128 0x3
 829 0109 08       		.uleb128 0x8
 830 010a 3A       		.uleb128 0x3a
 831 010b 0B       		.uleb128 0xb
 832 010c 3B       		.uleb128 0x3b
 833 010d 05       		.uleb128 0x5
 834 010e 49       		.uleb128 0x49
 835 010f 13       		.uleb128 0x13
 836 0110 02       		.uleb128 0x2
 837 0111 17       		.uleb128 0x17
 838 0112 00       		.byte	0
ARM GAS  C:\Users\John_B\AppData\Local\Temp\ccqPYDnV.s 			page 21


 839 0113 00       		.byte	0
 840 0114 16       		.uleb128 0x16
 841 0115 0B       		.uleb128 0xb
 842 0116 01       		.byte	0x1
 843 0117 11       		.uleb128 0x11
 844 0118 01       		.uleb128 0x1
 845 0119 12       		.uleb128 0x12
 846 011a 06       		.uleb128 0x6
 847 011b 00       		.byte	0
 848 011c 00       		.byte	0
 849 011d 17       		.uleb128 0x17
 850 011e 0F       		.uleb128 0xf
 851 011f 00       		.byte	0
 852 0120 0B       		.uleb128 0xb
 853 0121 0B       		.uleb128 0xb
 854 0122 49       		.uleb128 0x49
 855 0123 13       		.uleb128 0x13
 856 0124 00       		.byte	0
 857 0125 00       		.byte	0
 858 0126 18       		.uleb128 0x18
 859 0127 898201   		.uleb128 0x4109
 860 012a 00       		.byte	0
 861 012b 11       		.uleb128 0x11
 862 012c 01       		.uleb128 0x1
 863 012d 31       		.uleb128 0x31
 864 012e 13       		.uleb128 0x13
 865 012f 00       		.byte	0
 866 0130 00       		.byte	0
 867 0131 19       		.uleb128 0x19
 868 0132 2E       		.uleb128 0x2e
 869 0133 00       		.byte	0
 870 0134 3F       		.uleb128 0x3f
 871 0135 19       		.uleb128 0x19
 872 0136 3C       		.uleb128 0x3c
 873 0137 19       		.uleb128 0x19
 874 0138 6E       		.uleb128 0x6e
 875 0139 0E       		.uleb128 0xe
 876 013a 03       		.uleb128 0x3
 877 013b 0E       		.uleb128 0xe
 878 013c 00       		.byte	0
 879 013d 00       		.byte	0
 880 013e 1A       		.uleb128 0x1a
 881 013f 2E       		.uleb128 0x2e
 882 0140 00       		.byte	0
 883 0141 3F       		.uleb128 0x3f
 884 0142 19       		.uleb128 0x19
 885 0143 3C       		.uleb128 0x3c
 886 0144 19       		.uleb128 0x19
 887 0145 6E       		.uleb128 0x6e
 888 0146 0E       		.uleb128 0xe
 889 0147 03       		.uleb128 0x3
 890 0148 0E       		.uleb128 0xe
 891 0149 3A       		.uleb128 0x3a
 892 014a 0B       		.uleb128 0xb
 893 014b 3B       		.uleb128 0x3b
 894 014c 0B       		.uleb128 0xb
 895 014d 00       		.byte	0
ARM GAS  C:\Users\John_B\AppData\Local\Temp\ccqPYDnV.s 			page 22


 896 014e 00       		.byte	0
 897 014f 00       		.byte	0
 898              		.section	.debug_loc,"",%progbits
 899              	.Ldebug_loc0:
 900              	.LLST0:
 901 0000 00000000 		.4byte	.LVL0
 902 0004 09000000 		.4byte	.LVL2-1
 903 0008 0100     		.2byte	0x1
 904 000a 50       		.byte	0x50
 905 000b 09000000 		.4byte	.LVL2-1
 906 000f 0C000000 		.4byte	.LFE0
 907 0013 0400     		.2byte	0x4
 908 0015 F3       		.byte	0xf3
 909 0016 01       		.uleb128 0x1
 910 0017 50       		.byte	0x50
 911 0018 9F       		.byte	0x9f
 912 0019 00000000 		.4byte	0
 913 001d 00000000 		.4byte	0
 914              	.LLST1:
 915 0021 00000000 		.4byte	.LVL0
 916 0025 06000000 		.4byte	.LVL1
 917 0029 0100     		.2byte	0x1
 918 002b 51       		.byte	0x51
 919 002c 06000000 		.4byte	.LVL1
 920 0030 09000000 		.4byte	.LVL2-1
 921 0034 0100     		.2byte	0x1
 922 0036 52       		.byte	0x52
 923 0037 09000000 		.4byte	.LVL2-1
 924 003b 0C000000 		.4byte	.LFE0
 925 003f 0400     		.2byte	0x4
 926 0041 F3       		.byte	0xf3
 927 0042 01       		.uleb128 0x1
 928 0043 51       		.byte	0x51
 929 0044 9F       		.byte	0x9f
 930 0045 00000000 		.4byte	0
 931 0049 00000000 		.4byte	0
 932              	.LLST2:
 933 004d 60000000 		.4byte	.LVL6
 934 0051 64000000 		.4byte	.LVL7
 935 0055 0200     		.2byte	0x2
 936 0057 30       		.byte	0x30
 937 0058 9F       		.byte	0x9f
 938 0059 64000000 		.4byte	.LVL7
 939 005d 82000000 		.4byte	.LVL9
 940 0061 0100     		.2byte	0x1
 941 0063 54       		.byte	0x54
 942 0064 84000000 		.4byte	.LVL10
 943 0068 C8000000 		.4byte	.LVL12
 944 006c 0100     		.2byte	0x1
 945 006e 54       		.byte	0x54
 946 006f 00000000 		.4byte	0
 947 0073 00000000 		.4byte	0
 948              	.LLST3:
 949 0077 64000000 		.4byte	.LVL7
 950 007b 82000000 		.4byte	.LVL9
 951 007f 0B00     		.2byte	0xb
 952 0081 74       		.byte	0x74
ARM GAS  C:\Users\John_B\AppData\Local\Temp\ccqPYDnV.s 			page 23


 953 0082 00       		.sleb128 0
 954 0083 36       		.byte	0x36
 955 0084 1E       		.byte	0x1e
 956 0085 03       		.byte	0x3
 957 0086 00000000 		.4byte	cfg_memset_list.4847
 958 008a 22       		.byte	0x22
 959 008b 9F       		.byte	0x9f
 960 008c 82000000 		.4byte	.LVL9
 961 0090 84000000 		.4byte	.LVL10
 962 0094 0B00     		.2byte	0xb
 963 0096 74       		.byte	0x74
 964 0097 7F       		.sleb128 -1
 965 0098 36       		.byte	0x36
 966 0099 1E       		.byte	0x1e
 967 009a 03       		.byte	0x3
 968 009b 00000000 		.4byte	cfg_memset_list.4847
 969 009f 22       		.byte	0x22
 970 00a0 9F       		.byte	0x9f
 971 00a1 00000000 		.4byte	0
 972 00a5 00000000 		.4byte	0
 973              		.section	.debug_aranges,"",%progbits
 974 0000 2C000000 		.4byte	0x2c
 975 0004 0200     		.2byte	0x2
 976 0006 00000000 		.4byte	.Ldebug_info0
 977 000a 04       		.byte	0x4
 978 000b 00       		.byte	0
 979 000c 0000     		.2byte	0
 980 000e 0000     		.2byte	0
 981 0010 00000000 		.4byte	.LFB0
 982 0014 0C000000 		.4byte	.LFE0-.LFB0
 983 0018 00000000 		.4byte	.LFB3
 984 001c 5C000000 		.4byte	.LFE3-.LFB3
 985 0020 5C000000 		.4byte	.LFB5
 986 0024 9C000000 		.4byte	.LFE5-.LFB5
 987 0028 00000000 		.4byte	0
 988 002c 00000000 		.4byte	0
 989              		.section	.debug_ranges,"",%progbits
 990              	.Ldebug_ranges0:
 991 0000 00000000 		.4byte	.LFB0
 992 0004 0C000000 		.4byte	.LFE0
 993 0008 00000000 		.4byte	.LFB3
 994 000c 5C000000 		.4byte	.LFE3
 995 0010 5C000000 		.4byte	.LFB5
 996 0014 F8000000 		.4byte	.LFE5
 997 0018 00000000 		.4byte	0
 998 001c 00000000 		.4byte	0
 999              		.section	.debug_line,"",%progbits
 1000              	.Ldebug_line0:
 1001 0000 2B010000 		.section	.debug_str,"MS",%progbits,1
 1001      0200D600 
 1001      00000201 
 1001      FB0E0D00 
 1001      01010101 
 1002              	.LASF19:
 1003 0000 72656733 		.ascii	"reg32\000"
 1003      3200
 1004              	.LASF12:
ARM GAS  C:\Users\John_B\AppData\Local\Temp\ccqPYDnV.s 			page 24


 1005 0006 73697A65 		.ascii	"size_t\000"
 1005      5F7400
 1006              	.LASF27:
 1007 000d 4379496E 		.ascii	"CyIntSetVector\000"
 1007      74536574 
 1007      56656374 
 1007      6F7200
 1008              	.LASF25:
 1009 001c 6366675F 		.ascii	"cfg_memset_list\000"
 1009      6D656D73 
 1009      65745F6C 
 1009      69737400 
 1010              	.LASF21:
 1011 002c 436C6F63 		.ascii	"ClockSetup\000"
 1011      6B536574 
 1011      757000
 1012              	.LASF6:
 1013 0037 73686F72 		.ascii	"short unsigned int\000"
 1013      7420756E 
 1013      7369676E 
 1013      65642069 
 1013      6E7400
 1014              	.LASF16:
 1015 004a 666C6F61 		.ascii	"float\000"
 1015      7400
 1016              	.LASF23:
 1017 0050 73697A65 		.ascii	"size\000"
 1017      00
 1018              	.LASF18:
 1019 0055 72656738 		.ascii	"reg8\000"
 1019      00
 1020              	.LASF8:
 1021 005a 6C6F6E67 		.ascii	"long unsigned int\000"
 1021      20756E73 
 1021      69676E65 
 1021      6420696E 
 1021      7400
 1022              	.LASF31:
 1023 006c 443A5C50 		.ascii	"D:\\PSoC\\PSOC_CY8CKIT-049-41\\002_7_segment_Led\\0"
 1023      536F435C 
 1023      50534F43 
 1023      5F435938 
 1023      434B4954 
 1024 009b 30325F37 		.ascii	"02_7_segment_Led\\002_7_segment_Led.cydsn\000"
 1024      5F736567 
 1024      6D656E74 
 1024      5F4C6564 
 1024      5C303032 
 1025              	.LASF13:
 1026 00c4 75696E74 		.ascii	"uint8\000"
 1026      3800
 1027              	.LASF20:
 1028 00ca 43594D45 		.ascii	"CYMEMZERO\000"
 1028      4D5A4552 
 1028      4F00
 1029              	.LASF4:
 1030 00d4 756E7369 		.ascii	"unsigned char\000"
ARM GAS  C:\Users\John_B\AppData\Local\Temp\ccqPYDnV.s 			page 25


 1030      676E6564 
 1030      20636861 
 1030      7200
 1031              	.LASF33:
 1032 00e2 6D656D73 		.ascii	"memset\000"
 1032      657400
 1033              	.LASF17:
 1034 00e9 646F7562 		.ascii	"double\000"
 1034      6C6500
 1035              	.LASF28:
 1036 00f0 4379496E 		.ascii	"CyIntEnable\000"
 1036      74456E61 
 1036      626C6500 
 1037              	.LASF14:
 1038 00fc 75696E74 		.ascii	"uint16\000"
 1038      313600
 1039              	.LASF15:
 1040 0103 75696E74 		.ascii	"uint32\000"
 1040      333200
 1041              	.LASF0:
 1042 010a 756E7369 		.ascii	"unsigned int\000"
 1042      676E6564 
 1042      20696E74 
 1042      00
 1043              	.LASF32:
 1044 0117 63796669 		.ascii	"cyfitter_cfg\000"
 1044      74746572 
 1044      5F636667 
 1044      00
 1045              	.LASF22:
 1046 0124 61646472 		.ascii	"address\000"
 1046      65737300 
 1047              	.LASF9:
 1048 012c 6C6F6E67 		.ascii	"long long unsigned int\000"
 1048      206C6F6E 
 1048      6720756E 
 1048      7369676E 
 1048      65642069 
 1049              	.LASF29:
 1050 0143 474E5520 		.ascii	"GNU C11 5.4.1 20160609 (release) [ARM/embedded-5-br"
 1050      43313120 
 1050      352E342E 
 1050      31203230 
 1050      31363036 
 1051 0176 616E6368 		.ascii	"anch revision 237715] -mcpu=cortex-m0 -mthumb -g -O"
 1051      20726576 
 1051      6973696F 
 1051      6E203233 
 1051      37373135 
 1052 01a9 67202D66 		.ascii	"g -ffunction-sections -ffat-lto-objects\000"
 1052      66756E63 
 1052      74696F6E 
 1052      2D736563 
 1052      74696F6E 
 1053              	.LASF24:
 1054 01d1 6366675F 		.ascii	"cfg_memset_t\000"
 1054      6D656D73 
ARM GAS  C:\Users\John_B\AppData\Local\Temp\ccqPYDnV.s 			page 26


 1054      65745F74 
 1054      00
 1055              	.LASF10:
 1056 01de 73697A65 		.ascii	"sizetype\000"
 1056      74797065 
 1056      00
 1057              	.LASF1:
 1058 01e7 6C6F6E67 		.ascii	"long long int\000"
 1058      206C6F6E 
 1058      6720696E 
 1058      7400
 1059              	.LASF11:
 1060 01f5 63686172 		.ascii	"char\000"
 1060      00
 1061              	.LASF5:
 1062 01fa 73686F72 		.ascii	"short int\000"
 1062      7420696E 
 1062      7400
 1063              	.LASF26:
 1064 0204 43795379 		.ascii	"CySysClkWriteImoFreq\000"
 1064      73436C6B 
 1064      57726974 
 1064      65496D6F 
 1064      46726571 
 1065              	.LASF7:
 1066 0219 6C6F6E67 		.ascii	"long int\000"
 1066      20696E74 
 1066      00
 1067              	.LASF2:
 1068 0222 6C6F6E67 		.ascii	"long double\000"
 1068      20646F75 
 1068      626C6500 
 1069              	.LASF3:
 1070 022e 7369676E 		.ascii	"signed char\000"
 1070      65642063 
 1070      68617200 
 1071              	.LASF30:
 1072 023a 47656E65 		.ascii	"Generated_Source\\PSoC4\\cyfitter_cfg.c\000"
 1072      72617465 
 1072      645F536F 
 1072      75726365 
 1072      5C50536F 
 1073              		.ident	"GCC: (GNU Tools for ARM Embedded Processors) 5.4.1 20160609 (release) [ARM/embedded-5-bran
