ARM GAS  C:\Users\John_B\AppData\Local\Temp\ccOzC5JK.s 			page 1


   1              		.syntax unified
   2              		.cpu cortex-m0
   3              		.fpu softvfp
   4              		.eabi_attribute 20, 1
   5              		.eabi_attribute 21, 1
   6              		.eabi_attribute 23, 3
   7              		.eabi_attribute 24, 1
   8              		.eabi_attribute 25, 1
   9              		.eabi_attribute 26, 1
  10              		.eabi_attribute 30, 1
  11              		.eabi_attribute 34, 0
  12              		.eabi_attribute 18, 4
  13              		.thumb
  14              		.syntax unified
  15              		.file	"main.c"
  16              		.text
  17              	.Ltext0:
  18              		.cfi_sections	.debug_frame
  19              		.section	.text.IN_Pin_Handler,"ax",%progbits
  20              		.align	2
  21              		.global	IN_Pin_Handler
  22              		.code	16
  23              		.thumb_func
  24              		.type	IN_Pin_Handler, %function
  25              	IN_Pin_Handler:
  26              	.LFB32:
  27              		.file 1 "main.c"
   1:main.c        **** /* ========================================
   2:main.c        ****  *
   3:main.c        ****  * Copyright YOUR COMPANY, THE YEAR
   4:main.c        ****  * All Rights Reserved
   5:main.c        ****  * UNPUBLISHED, LICENSED SOFTWARE.
   6:main.c        ****  *
   7:main.c        ****  * CONFIDENTIAL AND PROPRIETARY INFORMATION
   8:main.c        ****  * WHICH IS THE PROPERTY OF your company.
   9:main.c        ****  *
  10:main.c        ****  * ========================================
  11:main.c        **** */
  12:main.c        **** #include "project.h"
  13:main.c        **** int bublic[6]={0x3E,0x3D,0x3B,0x37,0x2F,0x1F};
  14:main.c        **** int Count = 0;
  15:main.c        **** int z = 0;
  16:main.c        **** 
  17:main.c        **** CY_ISR(IN_Pin_Handler)
  18:main.c        **** {
  28              		.loc 1 18 0
  29              		.cfi_startproc
  30              		@ args = 0, pretend = 0, frame = 0
  31              		@ frame_needed = 0, uses_anonymous_args = 0
  32 0000 10B5     		push	{r4, lr}
  33              		.cfi_def_cfa_offset 8
  34              		.cfi_offset 4, -8
  35              		.cfi_offset 14, -4
  19:main.c        ****     Count++;
  36              		.loc 1 19 0
  37 0002 074A     		ldr	r2, .L3
  38 0004 1368     		ldr	r3, [r2]
ARM GAS  C:\Users\John_B\AppData\Local\Temp\ccOzC5JK.s 			page 2


  39 0006 0133     		adds	r3, r3, #1
  40 0008 1360     		str	r3, [r2]
  20:main.c        ****     if (Count >10){
  41              		.loc 1 20 0
  42 000a 0A2B     		cmp	r3, #10
  43 000c 05DD     		ble	.L2
  21:main.c        ****         Count = 0;
  44              		.loc 1 21 0
  45 000e 1300     		movs	r3, r2
  46 0010 0022     		movs	r2, #0
  47 0012 1A60     		str	r2, [r3]
  22:main.c        ****         z = ~z;
  48              		.loc 1 22 0
  49 0014 5A68     		ldr	r2, [r3, #4]
  50 0016 D243     		mvns	r2, r2
  51 0018 5A60     		str	r2, [r3, #4]
  52              	.L2:
  23:main.c        ****         }
  24:main.c        **** IN_Pin_ClearInterrupt();
  53              		.loc 1 24 0
  54 001a FFF7FEFF 		bl	IN_Pin_ClearInterrupt
  55              	.LVL0:
  25:main.c        **** }
  56              		.loc 1 25 0
  57              		@ sp needed
  58 001e 10BD     		pop	{r4, pc}
  59              	.L4:
  60              		.align	2
  61              	.L3:
  62 0020 00000000 		.word	.LANCHOR0
  63              		.cfi_endproc
  64              	.LFE32:
  65              		.size	IN_Pin_Handler, .-IN_Pin_Handler
  66              		.section	.text.main,"ax",%progbits
  67              		.align	2
  68              		.global	main
  69              		.code	16
  70              		.thumb_func
  71              		.type	main, %function
  72              	main:
  73              	.LFB33:
  26:main.c        **** 
  27:main.c        **** int main(void)
  28:main.c        **** {
  74              		.loc 1 28 0
  75              		.cfi_startproc
  76              		@ args = 0, pretend = 0, frame = 0
  77              		@ frame_needed = 0, uses_anonymous_args = 0
  78 0000 10B5     		push	{r4, lr}
  79              		.cfi_def_cfa_offset 8
  80              		.cfi_offset 4, -8
  81              		.cfi_offset 14, -4
  29:main.c        ****     CyGlobalIntEnable; /* Enable global interrupts. */
  82              		.loc 1 29 0
  83              		.syntax divided
  84              	@ 29 "main.c" 1
  85 0002 62B6     		CPSIE   i
ARM GAS  C:\Users\John_B\AppData\Local\Temp\ccOzC5JK.s 			page 3


  86              	@ 0 "" 2
  30:main.c        **** 
  31:main.c        ****    IN_Pin_Int_StartEx(IN_Pin_Handler);
  87              		.loc 1 31 0
  88              		.thumb
  89              		.syntax unified
  90 0004 3248     		ldr	r0, .L28
  91 0006 FFF7FEFF 		bl	IN_Pin_Int_StartEx
  92              	.LVL1:
  93              	.L7:
  32:main.c        **** 
  33:main.c        ****     for(;;)
  34:main.c        ****     {
  35:main.c        ****         if(Count == 0 && z == 0)
  94              		.loc 1 35 0
  95 000a 324B     		ldr	r3, .L28+4
  96 000c 1B68     		ldr	r3, [r3]
  97 000e 002B     		cmp	r3, #0
  98 0010 16D1     		bne	.L8
  99              		.loc 1 35 0 is_stmt 0 discriminator 1
 100 0012 304A     		ldr	r2, .L28+4
 101 0014 5268     		ldr	r2, [r2, #4]
 102 0016 002A     		cmp	r2, #0
 103 0018 0ED0     		beq	.L26
 104 001a 11E0     		b	.L8
 105              	.LVL2:
 106              	.L11:
 107              	.LBB2:
  36:main.c        ****         {
  37:main.c        ****             for (int i = 0; i<6; i++){
  38:main.c        ****             Led_Write(bublic[i]); 
 108              		.loc 1 38 0 is_stmt 1
 109 001c A300     		lsls	r3, r4, #2
 110 001e 2E4A     		ldr	r2, .L28+8
 111 0020 D05C     		ldrb	r0, [r2, r3]
 112 0022 FFF7FEFF 		bl	Led_Write
 113              	.LVL3:
  39:main.c        ****             CyDelay(120);
 114              		.loc 1 39 0
 115 0026 7820     		movs	r0, #120
 116 0028 FFF7FEFF 		bl	CyDelay
 117              	.LVL4:
  40:main.c        ****             if(Count!=0)
 118              		.loc 1 40 0
 119 002c 294B     		ldr	r3, .L28+4
 120 002e 1B68     		ldr	r3, [r3]
 121 0030 002B     		cmp	r3, #0
 122 0032 1DD1     		bne	.L10
  37:main.c        ****             Led_Write(bublic[i]); 
 123              		.loc 1 37 0 discriminator 2
 124 0034 0134     		adds	r4, r4, #1
 125              	.LVL5:
 126 0036 00E0     		b	.L9
 127              	.LVL6:
 128              	.L26:
 129              	.LBE2:
 130 0038 0024     		movs	r4, #0
ARM GAS  C:\Users\John_B\AppData\Local\Temp\ccOzC5JK.s 			page 4


 131              	.L9:
 132              	.LVL7:
 133              	.LBB3:
  37:main.c        ****             Led_Write(bublic[i]); 
 134              		.loc 1 37 0 is_stmt 0 discriminator 1
 135 003a 052C     		cmp	r4, #5
 136 003c EEDD     		ble	.L11
 137 003e 17E0     		b	.L10
 138              	.LVL8:
 139              	.L8:
 140              	.LBE3:
  41:main.c        ****                break;                       
  42:main.c        ****             }         
  43:main.c        ****         }
  44:main.c        ****        else if (Count == 0 && z != 0){
 141              		.loc 1 44 0 is_stmt 1
 142 0040 002B     		cmp	r3, #0
 143 0042 15D1     		bne	.L10
 144              		.loc 1 44 0 is_stmt 0 discriminator 1
 145 0044 234B     		ldr	r3, .L28+4
 146 0046 5B68     		ldr	r3, [r3, #4]
 147 0048 002B     		cmp	r3, #0
 148 004a 0ED1     		bne	.L27
 149              	.LBB4:
 150 004c 10E0     		b	.L10
 151              	.LVL9:
 152              	.L13:
  45:main.c        ****          for (int i = 5; i>=0; i--){
  46:main.c        ****             Led_Write(bublic[i]); 
 153              		.loc 1 46 0 is_stmt 1
 154 004e A300     		lsls	r3, r4, #2
 155 0050 214A     		ldr	r2, .L28+8
 156 0052 D05C     		ldrb	r0, [r2, r3]
 157 0054 FFF7FEFF 		bl	Led_Write
 158              	.LVL10:
  47:main.c        ****             CyDelay(120);
 159              		.loc 1 47 0
 160 0058 7820     		movs	r0, #120
 161 005a FFF7FEFF 		bl	CyDelay
 162              	.LVL11:
  48:main.c        ****             if(Count!=0)
 163              		.loc 1 48 0
 164 005e 1D4B     		ldr	r3, .L28+4
 165 0060 1B68     		ldr	r3, [r3]
 166 0062 002B     		cmp	r3, #0
 167 0064 04D1     		bne	.L10
  45:main.c        ****          for (int i = 5; i>=0; i--){
 168              		.loc 1 45 0 discriminator 2
 169 0066 013C     		subs	r4, r4, #1
 170              	.LVL12:
 171 0068 00E0     		b	.L12
 172              	.LVL13:
 173              	.L27:
 174              	.LBE4:
 175 006a 0524     		movs	r4, #5
 176              	.L12:
 177              	.LVL14:
ARM GAS  C:\Users\John_B\AppData\Local\Temp\ccOzC5JK.s 			page 5


 178              	.LBB5:
  45:main.c        ****          for (int i = 5; i>=0; i--){
 179              		.loc 1 45 0 is_stmt 0 discriminator 1
 180 006c 002C     		cmp	r4, #0
 181 006e EEDA     		bge	.L13
 182              	.LVL15:
 183              	.L10:
 184              	.LBE5:
  49:main.c        ****                break;                       
  50:main.c        ****             }   
  51:main.c        ****         }
  52:main.c        ****           switch(Count){      
 185              		.loc 1 52 0 is_stmt 1
 186 0070 184B     		ldr	r3, .L28+4
 187 0072 1A68     		ldr	r2, [r3]
 188 0074 0A2A     		cmp	r2, #10
 189 0076 C8D8     		bhi	.L7
 190 0078 9300     		lsls	r3, r2, #2
 191 007a 184A     		ldr	r2, .L28+12
 192 007c D358     		ldr	r3, [r2, r3]
 193 007e 9F46     		mov	pc, r3
 194              		.section	.rodata
 195              		.align	2
 196              	.L15:
 197 0000 0A000000 		.word	.L7
 198 0004 80000000 		.word	.L14
 199 0008 88000000 		.word	.L16
 200 000c 90000000 		.word	.L17
 201 0010 98000000 		.word	.L18
 202 0014 A0000000 		.word	.L19
 203 0018 A8000000 		.word	.L20
 204 001c B0000000 		.word	.L21
 205 0020 B8000000 		.word	.L22
 206 0024 C0000000 		.word	.L23
 207 0028 C8000000 		.word	.L24
 208              		.section	.text.main
 209              	.L14:
  53:main.c        ****     case 1:
  54:main.c        ****         Led_Write(0x3F);
 210              		.loc 1 54 0
 211 0080 3F20     		movs	r0, #63
 212 0082 FFF7FEFF 		bl	Led_Write
 213              	.LVL16:
  55:main.c        ****         break;
 214              		.loc 1 55 0
 215 0086 C0E7     		b	.L7
 216              	.L16:
  56:main.c        ****     case 2:
  57:main.c        ****         Led_Write(0X6);
 217              		.loc 1 57 0
 218 0088 0620     		movs	r0, #6
 219 008a FFF7FEFF 		bl	Led_Write
 220              	.LVL17:
  58:main.c        ****         break;
 221              		.loc 1 58 0
 222 008e BCE7     		b	.L7
 223              	.L17:
ARM GAS  C:\Users\John_B\AppData\Local\Temp\ccOzC5JK.s 			page 6


  59:main.c        ****     case 3:
  60:main.c        ****         Led_Write(0x5B);
 224              		.loc 1 60 0
 225 0090 5B20     		movs	r0, #91
 226 0092 FFF7FEFF 		bl	Led_Write
 227              	.LVL18:
  61:main.c        ****         break;
 228              		.loc 1 61 0
 229 0096 B8E7     		b	.L7
 230              	.L18:
  62:main.c        ****     case 4:
  63:main.c        ****         Led_Write(0x4F);
 231              		.loc 1 63 0
 232 0098 4F20     		movs	r0, #79
 233 009a FFF7FEFF 		bl	Led_Write
 234              	.LVL19:
  64:main.c        ****         break;
 235              		.loc 1 64 0
 236 009e B4E7     		b	.L7
 237              	.L19:
  65:main.c        ****     case 5:
  66:main.c        ****         Led_Write(0x66);
 238              		.loc 1 66 0
 239 00a0 6620     		movs	r0, #102
 240 00a2 FFF7FEFF 		bl	Led_Write
 241              	.LVL20:
  67:main.c        ****         break;
 242              		.loc 1 67 0
 243 00a6 B0E7     		b	.L7
 244              	.L20:
  68:main.c        ****     case 6:
  69:main.c        ****         Led_Write(0x6D);
 245              		.loc 1 69 0
 246 00a8 6D20     		movs	r0, #109
 247 00aa FFF7FEFF 		bl	Led_Write
 248              	.LVL21:
  70:main.c        ****         break;
 249              		.loc 1 70 0
 250 00ae ACE7     		b	.L7
 251              	.L21:
  71:main.c        ****     case 7:
  72:main.c        ****         Led_Write(0x7D);
 252              		.loc 1 72 0
 253 00b0 7D20     		movs	r0, #125
 254 00b2 FFF7FEFF 		bl	Led_Write
 255              	.LVL22:
  73:main.c        ****         break;
 256              		.loc 1 73 0
 257 00b6 A8E7     		b	.L7
 258              	.L22:
  74:main.c        ****     case 8:
  75:main.c        ****         Led_Write(0x7);
 259              		.loc 1 75 0
 260 00b8 0720     		movs	r0, #7
 261 00ba FFF7FEFF 		bl	Led_Write
 262              	.LVL23:
  76:main.c        ****         break;
ARM GAS  C:\Users\John_B\AppData\Local\Temp\ccOzC5JK.s 			page 7


 263              		.loc 1 76 0
 264 00be A4E7     		b	.L7
 265              	.L23:
  77:main.c        ****     case 9:
  78:main.c        ****         Led_Write(0x7F);
 266              		.loc 1 78 0
 267 00c0 7F20     		movs	r0, #127
 268 00c2 FFF7FEFF 		bl	Led_Write
 269              	.LVL24:
  79:main.c        ****         break;
 270              		.loc 1 79 0
 271 00c6 A0E7     		b	.L7
 272              	.L24:
  80:main.c        ****     case 10:
  81:main.c        ****         Led_Write(0x67);
 273              		.loc 1 81 0
 274 00c8 6720     		movs	r0, #103
 275 00ca FFF7FEFF 		bl	Led_Write
 276              	.LVL25:
  82:main.c        ****         break;
 277              		.loc 1 82 0
 278 00ce 9CE7     		b	.L7
 279              	.L29:
 280              		.align	2
 281              	.L28:
 282 00d0 00000000 		.word	IN_Pin_Handler
 283 00d4 00000000 		.word	.LANCHOR0
 284 00d8 00000000 		.word	.LANCHOR1
 285 00dc 00000000 		.word	.L15
 286              		.cfi_endproc
 287              	.LFE33:
 288              		.size	main, .-main
 289              		.global	z
 290              		.global	Count
 291              		.global	bublic
 292              		.data
 293              		.align	2
 294              		.set	.LANCHOR1,. + 0
 295              		.type	bublic, %object
 296              		.size	bublic, 24
 297              	bublic:
 298 0000 3E000000 		.word	62
 299 0004 3D000000 		.word	61
 300 0008 3B000000 		.word	59
 301 000c 37000000 		.word	55
 302 0010 2F000000 		.word	47
 303 0014 1F000000 		.word	31
 304              		.bss
 305              		.align	2
 306              		.set	.LANCHOR0,. + 0
 307              		.type	Count, %object
 308              		.size	Count, 4
 309              	Count:
 310 0000 00000000 		.space	4
 311              		.type	z, %object
 312              		.size	z, 4
 313              	z:
ARM GAS  C:\Users\John_B\AppData\Local\Temp\ccOzC5JK.s 			page 8


 314 0004 00000000 		.space	4
 315              		.text
 316              	.Letext0:
 317              		.file 2 "Generated_Source\\PSoC4/IN_Pin.h"
 318              		.file 3 "Generated_Source\\PSoC4/Led.h"
 319              		.file 4 "Generated_Source\\PSoC4/CyLib.h"
 320              		.file 5 "Generated_Source\\PSoC4/IN_Pin_Int.h"
 321              		.section	.debug_info,"",%progbits
 322              	.Ldebug_info0:
 323 0000 6A020000 		.4byte	0x26a
 324 0004 0400     		.2byte	0x4
 325 0006 00000000 		.4byte	.Ldebug_abbrev0
 326 000a 04       		.byte	0x4
 327 000b 01       		.uleb128 0x1
 328 000c EB000000 		.4byte	.LASF20
 329 0010 0C       		.byte	0xc
 330 0011 66000000 		.4byte	.LASF21
 331 0015 0E000000 		.4byte	.LASF22
 332 0019 30000000 		.4byte	.Ldebug_ranges0+0x30
 333 001d 00000000 		.4byte	0
 334 0021 00000000 		.4byte	.Ldebug_line0
 335 0025 02       		.uleb128 0x2
 336 0026 01       		.byte	0x1
 337 0027 06       		.byte	0x6
 338 0028 8C010000 		.4byte	.LASF0
 339 002c 02       		.uleb128 0x2
 340 002d 01       		.byte	0x1
 341 002e 08       		.byte	0x8
 342 002f B3000000 		.4byte	.LASF1
 343 0033 02       		.uleb128 0x2
 344 0034 02       		.byte	0x2
 345 0035 05       		.byte	0x5
 346 0036 CD010000 		.4byte	.LASF2
 347 003a 02       		.uleb128 0x2
 348 003b 02       		.byte	0x2
 349 003c 07       		.byte	0x7
 350 003d 79010000 		.4byte	.LASF3
 351 0041 02       		.uleb128 0x2
 352 0042 04       		.byte	0x4
 353 0043 05       		.byte	0x5
 354 0044 C6000000 		.4byte	.LASF4
 355 0048 02       		.uleb128 0x2
 356 0049 04       		.byte	0x4
 357 004a 07       		.byte	0x7
 358 004b 75000000 		.4byte	.LASF5
 359 004f 02       		.uleb128 0x2
 360 0050 08       		.byte	0x8
 361 0051 05       		.byte	0x5
 362 0052 00000000 		.4byte	.LASF6
 363 0056 02       		.uleb128 0x2
 364 0057 08       		.byte	0x8
 365 0058 07       		.byte	0x7
 366 0059 87000000 		.4byte	.LASF7
 367 005d 03       		.uleb128 0x3
 368 005e 04       		.byte	0x4
 369 005f 05       		.byte	0x5
 370 0060 696E7400 		.ascii	"int\000"
ARM GAS  C:\Users\John_B\AppData\Local\Temp\ccOzC5JK.s 			page 9


 371 0064 02       		.uleb128 0x2
 372 0065 04       		.byte	0x4
 373 0066 07       		.byte	0x7
 374 0067 D7010000 		.4byte	.LASF8
 375 006b 02       		.uleb128 0x2
 376 006c 04       		.byte	0x4
 377 006d 04       		.byte	0x4
 378 006e 9E000000 		.4byte	.LASF9
 379 0072 02       		.uleb128 0x2
 380 0073 08       		.byte	0x8
 381 0074 04       		.byte	0x4
 382 0075 CF000000 		.4byte	.LASF10
 383 0079 02       		.uleb128 0x2
 384 007a 01       		.byte	0x1
 385 007b 08       		.byte	0x8
 386 007c C1000000 		.4byte	.LASF11
 387 0080 02       		.uleb128 0x2
 388 0081 04       		.byte	0x4
 389 0082 07       		.byte	0x7
 390 0083 E4010000 		.4byte	.LASF12
 391 0087 02       		.uleb128 0x2
 392 0088 08       		.byte	0x8
 393 0089 04       		.byte	0x4
 394 008a C1010000 		.4byte	.LASF13
 395 008e 04       		.uleb128 0x4
 396 008f D6000000 		.4byte	.LASF23
 397 0093 01       		.byte	0x1
 398 0094 11       		.byte	0x11
 399 0095 00000000 		.4byte	.LFB32
 400 0099 24000000 		.4byte	.LFE32-.LFB32
 401 009d 01       		.uleb128 0x1
 402 009e 9C       		.byte	0x9c
 403 009f AD000000 		.4byte	0xad
 404 00a3 05       		.uleb128 0x5
 405 00a4 1E000000 		.4byte	.LVL0
 406 00a8 41020000 		.4byte	0x241
 407 00ac 00       		.byte	0
 408 00ad 06       		.uleb128 0x6
 409 00ae A4000000 		.4byte	.LASF24
 410 00b2 01       		.byte	0x1
 411 00b3 1B       		.byte	0x1b
 412 00b4 5D000000 		.4byte	0x5d
 413 00b8 00000000 		.4byte	.LFB33
 414 00bc E0000000 		.4byte	.LFE33-.LFB33
 415 00c0 01       		.uleb128 0x1
 416 00c1 9C       		.byte	0x9c
 417 00c2 00020000 		.4byte	0x200
 418 00c6 07       		.uleb128 0x7
 419 00c7 00000000 		.4byte	.Ldebug_ranges0+0
 420 00cb F6000000 		.4byte	0xf6
 421 00cf 08       		.uleb128 0x8
 422 00d0 6900     		.ascii	"i\000"
 423 00d2 01       		.byte	0x1
 424 00d3 25       		.byte	0x25
 425 00d4 5D000000 		.4byte	0x5d
 426 00d8 00000000 		.4byte	.LLST0
 427 00dc 05       		.uleb128 0x5
ARM GAS  C:\Users\John_B\AppData\Local\Temp\ccOzC5JK.s 			page 10


 428 00dd 26000000 		.4byte	.LVL3
 429 00e1 4C020000 		.4byte	0x24c
 430 00e5 09       		.uleb128 0x9
 431 00e6 2C000000 		.4byte	.LVL4
 432 00ea 57020000 		.4byte	0x257
 433 00ee 0A       		.uleb128 0xa
 434 00ef 01       		.uleb128 0x1
 435 00f0 50       		.byte	0x50
 436 00f1 02       		.uleb128 0x2
 437 00f2 08       		.byte	0x8
 438 00f3 78       		.byte	0x78
 439 00f4 00       		.byte	0
 440 00f5 00       		.byte	0
 441 00f6 07       		.uleb128 0x7
 442 00f7 18000000 		.4byte	.Ldebug_ranges0+0x18
 443 00fb 26010000 		.4byte	0x126
 444 00ff 08       		.uleb128 0x8
 445 0100 6900     		.ascii	"i\000"
 446 0102 01       		.byte	0x1
 447 0103 2D       		.byte	0x2d
 448 0104 5D000000 		.4byte	0x5d
 449 0108 1E000000 		.4byte	.LLST1
 450 010c 05       		.uleb128 0x5
 451 010d 58000000 		.4byte	.LVL10
 452 0111 4C020000 		.4byte	0x24c
 453 0115 09       		.uleb128 0x9
 454 0116 5E000000 		.4byte	.LVL11
 455 011a 57020000 		.4byte	0x257
 456 011e 0A       		.uleb128 0xa
 457 011f 01       		.uleb128 0x1
 458 0120 50       		.byte	0x50
 459 0121 02       		.uleb128 0x2
 460 0122 08       		.byte	0x8
 461 0123 78       		.byte	0x78
 462 0124 00       		.byte	0
 463 0125 00       		.byte	0
 464 0126 0B       		.uleb128 0xb
 465 0127 0A000000 		.4byte	.LVL1
 466 012b 62020000 		.4byte	0x262
 467 012f 3D010000 		.4byte	0x13d
 468 0133 0A       		.uleb128 0xa
 469 0134 01       		.uleb128 0x1
 470 0135 50       		.byte	0x50
 471 0136 05       		.uleb128 0x5
 472 0137 03       		.byte	0x3
 473 0138 00000000 		.4byte	IN_Pin_Handler
 474 013c 00       		.byte	0
 475 013d 0B       		.uleb128 0xb
 476 013e 86000000 		.4byte	.LVL16
 477 0142 4C020000 		.4byte	0x24c
 478 0146 51010000 		.4byte	0x151
 479 014a 0A       		.uleb128 0xa
 480 014b 01       		.uleb128 0x1
 481 014c 50       		.byte	0x50
 482 014d 02       		.uleb128 0x2
 483 014e 08       		.byte	0x8
 484 014f 3F       		.byte	0x3f
ARM GAS  C:\Users\John_B\AppData\Local\Temp\ccOzC5JK.s 			page 11


 485 0150 00       		.byte	0
 486 0151 0B       		.uleb128 0xb
 487 0152 8E000000 		.4byte	.LVL17
 488 0156 4C020000 		.4byte	0x24c
 489 015a 64010000 		.4byte	0x164
 490 015e 0A       		.uleb128 0xa
 491 015f 01       		.uleb128 0x1
 492 0160 50       		.byte	0x50
 493 0161 01       		.uleb128 0x1
 494 0162 36       		.byte	0x36
 495 0163 00       		.byte	0
 496 0164 0B       		.uleb128 0xb
 497 0165 96000000 		.4byte	.LVL18
 498 0169 4C020000 		.4byte	0x24c
 499 016d 78010000 		.4byte	0x178
 500 0171 0A       		.uleb128 0xa
 501 0172 01       		.uleb128 0x1
 502 0173 50       		.byte	0x50
 503 0174 02       		.uleb128 0x2
 504 0175 08       		.byte	0x8
 505 0176 5B       		.byte	0x5b
 506 0177 00       		.byte	0
 507 0178 0B       		.uleb128 0xb
 508 0179 9E000000 		.4byte	.LVL19
 509 017d 4C020000 		.4byte	0x24c
 510 0181 8C010000 		.4byte	0x18c
 511 0185 0A       		.uleb128 0xa
 512 0186 01       		.uleb128 0x1
 513 0187 50       		.byte	0x50
 514 0188 02       		.uleb128 0x2
 515 0189 08       		.byte	0x8
 516 018a 4F       		.byte	0x4f
 517 018b 00       		.byte	0
 518 018c 0B       		.uleb128 0xb
 519 018d A6000000 		.4byte	.LVL20
 520 0191 4C020000 		.4byte	0x24c
 521 0195 A0010000 		.4byte	0x1a0
 522 0199 0A       		.uleb128 0xa
 523 019a 01       		.uleb128 0x1
 524 019b 50       		.byte	0x50
 525 019c 02       		.uleb128 0x2
 526 019d 08       		.byte	0x8
 527 019e 66       		.byte	0x66
 528 019f 00       		.byte	0
 529 01a0 0B       		.uleb128 0xb
 530 01a1 AE000000 		.4byte	.LVL21
 531 01a5 4C020000 		.4byte	0x24c
 532 01a9 B4010000 		.4byte	0x1b4
 533 01ad 0A       		.uleb128 0xa
 534 01ae 01       		.uleb128 0x1
 535 01af 50       		.byte	0x50
 536 01b0 02       		.uleb128 0x2
 537 01b1 08       		.byte	0x8
 538 01b2 6D       		.byte	0x6d
 539 01b3 00       		.byte	0
 540 01b4 0B       		.uleb128 0xb
 541 01b5 B6000000 		.4byte	.LVL22
ARM GAS  C:\Users\John_B\AppData\Local\Temp\ccOzC5JK.s 			page 12


 542 01b9 4C020000 		.4byte	0x24c
 543 01bd C8010000 		.4byte	0x1c8
 544 01c1 0A       		.uleb128 0xa
 545 01c2 01       		.uleb128 0x1
 546 01c3 50       		.byte	0x50
 547 01c4 02       		.uleb128 0x2
 548 01c5 08       		.byte	0x8
 549 01c6 7D       		.byte	0x7d
 550 01c7 00       		.byte	0
 551 01c8 0B       		.uleb128 0xb
 552 01c9 BE000000 		.4byte	.LVL23
 553 01cd 4C020000 		.4byte	0x24c
 554 01d1 DB010000 		.4byte	0x1db
 555 01d5 0A       		.uleb128 0xa
 556 01d6 01       		.uleb128 0x1
 557 01d7 50       		.byte	0x50
 558 01d8 01       		.uleb128 0x1
 559 01d9 37       		.byte	0x37
 560 01da 00       		.byte	0
 561 01db 0B       		.uleb128 0xb
 562 01dc C6000000 		.4byte	.LVL24
 563 01e0 4C020000 		.4byte	0x24c
 564 01e4 EF010000 		.4byte	0x1ef
 565 01e8 0A       		.uleb128 0xa
 566 01e9 01       		.uleb128 0x1
 567 01ea 50       		.byte	0x50
 568 01eb 02       		.uleb128 0x2
 569 01ec 08       		.byte	0x8
 570 01ed 7F       		.byte	0x7f
 571 01ee 00       		.byte	0
 572 01ef 09       		.uleb128 0x9
 573 01f0 CE000000 		.4byte	.LVL25
 574 01f4 4C020000 		.4byte	0x24c
 575 01f8 0A       		.uleb128 0xa
 576 01f9 01       		.uleb128 0x1
 577 01fa 50       		.byte	0x50
 578 01fb 02       		.uleb128 0x2
 579 01fc 08       		.byte	0x8
 580 01fd 67       		.byte	0x67
 581 01fe 00       		.byte	0
 582 01ff 00       		.byte	0
 583 0200 0C       		.uleb128 0xc
 584 0201 5D000000 		.4byte	0x5d
 585 0205 10020000 		.4byte	0x210
 586 0209 0D       		.uleb128 0xd
 587 020a 80000000 		.4byte	0x80
 588 020e 05       		.byte	0x5
 589 020f 00       		.byte	0
 590 0210 0E       		.uleb128 0xe
 591 0211 ED010000 		.4byte	.LASF14
 592 0215 01       		.byte	0x1
 593 0216 0D       		.byte	0xd
 594 0217 00020000 		.4byte	0x200
 595 021b 05       		.uleb128 0x5
 596 021c 03       		.byte	0x3
 597 021d 00000000 		.4byte	bublic
 598 0221 0E       		.uleb128 0xe
ARM GAS  C:\Users\John_B\AppData\Local\Temp\ccOzC5JK.s 			page 13


 599 0222 E5000000 		.4byte	.LASF15
 600 0226 01       		.byte	0x1
 601 0227 0E       		.byte	0xe
 602 0228 5D000000 		.4byte	0x5d
 603 022c 05       		.uleb128 0x5
 604 022d 03       		.byte	0x3
 605 022e 00000000 		.4byte	Count
 606 0232 0F       		.uleb128 0xf
 607 0233 7A00     		.ascii	"z\000"
 608 0235 01       		.byte	0x1
 609 0236 0F       		.byte	0xf
 610 0237 5D000000 		.4byte	0x5d
 611 023b 05       		.uleb128 0x5
 612 023c 03       		.byte	0x3
 613 023d 00000000 		.4byte	z
 614 0241 10       		.uleb128 0x10
 615 0242 98010000 		.4byte	.LASF16
 616 0246 98010000 		.4byte	.LASF16
 617 024a 02       		.byte	0x2
 618 024b 39       		.byte	0x39
 619 024c 10       		.uleb128 0x10
 620 024d A9000000 		.4byte	.LASF17
 621 0251 A9000000 		.4byte	.LASF17
 622 0255 03       		.byte	0x3
 623 0256 33       		.byte	0x33
 624 0257 10       		.uleb128 0x10
 625 0258 6D000000 		.4byte	.LASF18
 626 025c 6D000000 		.4byte	.LASF18
 627 0260 04       		.byte	0x4
 628 0261 EC       		.byte	0xec
 629 0262 10       		.uleb128 0x10
 630 0263 AE010000 		.4byte	.LASF19
 631 0267 AE010000 		.4byte	.LASF19
 632 026b 05       		.byte	0x5
 633 026c 18       		.byte	0x18
 634 026d 00       		.byte	0
 635              		.section	.debug_abbrev,"",%progbits
 636              	.Ldebug_abbrev0:
 637 0000 01       		.uleb128 0x1
 638 0001 11       		.uleb128 0x11
 639 0002 01       		.byte	0x1
 640 0003 25       		.uleb128 0x25
 641 0004 0E       		.uleb128 0xe
 642 0005 13       		.uleb128 0x13
 643 0006 0B       		.uleb128 0xb
 644 0007 03       		.uleb128 0x3
 645 0008 0E       		.uleb128 0xe
 646 0009 1B       		.uleb128 0x1b
 647 000a 0E       		.uleb128 0xe
 648 000b 55       		.uleb128 0x55
 649 000c 17       		.uleb128 0x17
 650 000d 11       		.uleb128 0x11
 651 000e 01       		.uleb128 0x1
 652 000f 10       		.uleb128 0x10
 653 0010 17       		.uleb128 0x17
 654 0011 00       		.byte	0
 655 0012 00       		.byte	0
ARM GAS  C:\Users\John_B\AppData\Local\Temp\ccOzC5JK.s 			page 14


 656 0013 02       		.uleb128 0x2
 657 0014 24       		.uleb128 0x24
 658 0015 00       		.byte	0
 659 0016 0B       		.uleb128 0xb
 660 0017 0B       		.uleb128 0xb
 661 0018 3E       		.uleb128 0x3e
 662 0019 0B       		.uleb128 0xb
 663 001a 03       		.uleb128 0x3
 664 001b 0E       		.uleb128 0xe
 665 001c 00       		.byte	0
 666 001d 00       		.byte	0
 667 001e 03       		.uleb128 0x3
 668 001f 24       		.uleb128 0x24
 669 0020 00       		.byte	0
 670 0021 0B       		.uleb128 0xb
 671 0022 0B       		.uleb128 0xb
 672 0023 3E       		.uleb128 0x3e
 673 0024 0B       		.uleb128 0xb
 674 0025 03       		.uleb128 0x3
 675 0026 08       		.uleb128 0x8
 676 0027 00       		.byte	0
 677 0028 00       		.byte	0
 678 0029 04       		.uleb128 0x4
 679 002a 2E       		.uleb128 0x2e
 680 002b 01       		.byte	0x1
 681 002c 3F       		.uleb128 0x3f
 682 002d 19       		.uleb128 0x19
 683 002e 03       		.uleb128 0x3
 684 002f 0E       		.uleb128 0xe
 685 0030 3A       		.uleb128 0x3a
 686 0031 0B       		.uleb128 0xb
 687 0032 3B       		.uleb128 0x3b
 688 0033 0B       		.uleb128 0xb
 689 0034 27       		.uleb128 0x27
 690 0035 19       		.uleb128 0x19
 691 0036 11       		.uleb128 0x11
 692 0037 01       		.uleb128 0x1
 693 0038 12       		.uleb128 0x12
 694 0039 06       		.uleb128 0x6
 695 003a 40       		.uleb128 0x40
 696 003b 18       		.uleb128 0x18
 697 003c 9742     		.uleb128 0x2117
 698 003e 19       		.uleb128 0x19
 699 003f 01       		.uleb128 0x1
 700 0040 13       		.uleb128 0x13
 701 0041 00       		.byte	0
 702 0042 00       		.byte	0
 703 0043 05       		.uleb128 0x5
 704 0044 898201   		.uleb128 0x4109
 705 0047 00       		.byte	0
 706 0048 11       		.uleb128 0x11
 707 0049 01       		.uleb128 0x1
 708 004a 31       		.uleb128 0x31
 709 004b 13       		.uleb128 0x13
 710 004c 00       		.byte	0
 711 004d 00       		.byte	0
 712 004e 06       		.uleb128 0x6
ARM GAS  C:\Users\John_B\AppData\Local\Temp\ccOzC5JK.s 			page 15


 713 004f 2E       		.uleb128 0x2e
 714 0050 01       		.byte	0x1
 715 0051 3F       		.uleb128 0x3f
 716 0052 19       		.uleb128 0x19
 717 0053 03       		.uleb128 0x3
 718 0054 0E       		.uleb128 0xe
 719 0055 3A       		.uleb128 0x3a
 720 0056 0B       		.uleb128 0xb
 721 0057 3B       		.uleb128 0x3b
 722 0058 0B       		.uleb128 0xb
 723 0059 27       		.uleb128 0x27
 724 005a 19       		.uleb128 0x19
 725 005b 49       		.uleb128 0x49
 726 005c 13       		.uleb128 0x13
 727 005d 8701     		.uleb128 0x87
 728 005f 19       		.uleb128 0x19
 729 0060 11       		.uleb128 0x11
 730 0061 01       		.uleb128 0x1
 731 0062 12       		.uleb128 0x12
 732 0063 06       		.uleb128 0x6
 733 0064 40       		.uleb128 0x40
 734 0065 18       		.uleb128 0x18
 735 0066 9742     		.uleb128 0x2117
 736 0068 19       		.uleb128 0x19
 737 0069 01       		.uleb128 0x1
 738 006a 13       		.uleb128 0x13
 739 006b 00       		.byte	0
 740 006c 00       		.byte	0
 741 006d 07       		.uleb128 0x7
 742 006e 0B       		.uleb128 0xb
 743 006f 01       		.byte	0x1
 744 0070 55       		.uleb128 0x55
 745 0071 17       		.uleb128 0x17
 746 0072 01       		.uleb128 0x1
 747 0073 13       		.uleb128 0x13
 748 0074 00       		.byte	0
 749 0075 00       		.byte	0
 750 0076 08       		.uleb128 0x8
 751 0077 34       		.uleb128 0x34
 752 0078 00       		.byte	0
 753 0079 03       		.uleb128 0x3
 754 007a 08       		.uleb128 0x8
 755 007b 3A       		.uleb128 0x3a
 756 007c 0B       		.uleb128 0xb
 757 007d 3B       		.uleb128 0x3b
 758 007e 0B       		.uleb128 0xb
 759 007f 49       		.uleb128 0x49
 760 0080 13       		.uleb128 0x13
 761 0081 02       		.uleb128 0x2
 762 0082 17       		.uleb128 0x17
 763 0083 00       		.byte	0
 764 0084 00       		.byte	0
 765 0085 09       		.uleb128 0x9
 766 0086 898201   		.uleb128 0x4109
 767 0089 01       		.byte	0x1
 768 008a 11       		.uleb128 0x11
 769 008b 01       		.uleb128 0x1
ARM GAS  C:\Users\John_B\AppData\Local\Temp\ccOzC5JK.s 			page 16


 770 008c 31       		.uleb128 0x31
 771 008d 13       		.uleb128 0x13
 772 008e 00       		.byte	0
 773 008f 00       		.byte	0
 774 0090 0A       		.uleb128 0xa
 775 0091 8A8201   		.uleb128 0x410a
 776 0094 00       		.byte	0
 777 0095 02       		.uleb128 0x2
 778 0096 18       		.uleb128 0x18
 779 0097 9142     		.uleb128 0x2111
 780 0099 18       		.uleb128 0x18
 781 009a 00       		.byte	0
 782 009b 00       		.byte	0
 783 009c 0B       		.uleb128 0xb
 784 009d 898201   		.uleb128 0x4109
 785 00a0 01       		.byte	0x1
 786 00a1 11       		.uleb128 0x11
 787 00a2 01       		.uleb128 0x1
 788 00a3 31       		.uleb128 0x31
 789 00a4 13       		.uleb128 0x13
 790 00a5 01       		.uleb128 0x1
 791 00a6 13       		.uleb128 0x13
 792 00a7 00       		.byte	0
 793 00a8 00       		.byte	0
 794 00a9 0C       		.uleb128 0xc
 795 00aa 01       		.uleb128 0x1
 796 00ab 01       		.byte	0x1
 797 00ac 49       		.uleb128 0x49
 798 00ad 13       		.uleb128 0x13
 799 00ae 01       		.uleb128 0x1
 800 00af 13       		.uleb128 0x13
 801 00b0 00       		.byte	0
 802 00b1 00       		.byte	0
 803 00b2 0D       		.uleb128 0xd
 804 00b3 21       		.uleb128 0x21
 805 00b4 00       		.byte	0
 806 00b5 49       		.uleb128 0x49
 807 00b6 13       		.uleb128 0x13
 808 00b7 2F       		.uleb128 0x2f
 809 00b8 0B       		.uleb128 0xb
 810 00b9 00       		.byte	0
 811 00ba 00       		.byte	0
 812 00bb 0E       		.uleb128 0xe
 813 00bc 34       		.uleb128 0x34
 814 00bd 00       		.byte	0
 815 00be 03       		.uleb128 0x3
 816 00bf 0E       		.uleb128 0xe
 817 00c0 3A       		.uleb128 0x3a
 818 00c1 0B       		.uleb128 0xb
 819 00c2 3B       		.uleb128 0x3b
 820 00c3 0B       		.uleb128 0xb
 821 00c4 49       		.uleb128 0x49
 822 00c5 13       		.uleb128 0x13
 823 00c6 3F       		.uleb128 0x3f
 824 00c7 19       		.uleb128 0x19
 825 00c8 02       		.uleb128 0x2
 826 00c9 18       		.uleb128 0x18
ARM GAS  C:\Users\John_B\AppData\Local\Temp\ccOzC5JK.s 			page 17


 827 00ca 00       		.byte	0
 828 00cb 00       		.byte	0
 829 00cc 0F       		.uleb128 0xf
 830 00cd 34       		.uleb128 0x34
 831 00ce 00       		.byte	0
 832 00cf 03       		.uleb128 0x3
 833 00d0 08       		.uleb128 0x8
 834 00d1 3A       		.uleb128 0x3a
 835 00d2 0B       		.uleb128 0xb
 836 00d3 3B       		.uleb128 0x3b
 837 00d4 0B       		.uleb128 0xb
 838 00d5 49       		.uleb128 0x49
 839 00d6 13       		.uleb128 0x13
 840 00d7 3F       		.uleb128 0x3f
 841 00d8 19       		.uleb128 0x19
 842 00d9 02       		.uleb128 0x2
 843 00da 18       		.uleb128 0x18
 844 00db 00       		.byte	0
 845 00dc 00       		.byte	0
 846 00dd 10       		.uleb128 0x10
 847 00de 2E       		.uleb128 0x2e
 848 00df 00       		.byte	0
 849 00e0 3F       		.uleb128 0x3f
 850 00e1 19       		.uleb128 0x19
 851 00e2 3C       		.uleb128 0x3c
 852 00e3 19       		.uleb128 0x19
 853 00e4 6E       		.uleb128 0x6e
 854 00e5 0E       		.uleb128 0xe
 855 00e6 03       		.uleb128 0x3
 856 00e7 0E       		.uleb128 0xe
 857 00e8 3A       		.uleb128 0x3a
 858 00e9 0B       		.uleb128 0xb
 859 00ea 3B       		.uleb128 0x3b
 860 00eb 0B       		.uleb128 0xb
 861 00ec 00       		.byte	0
 862 00ed 00       		.byte	0
 863 00ee 00       		.byte	0
 864              		.section	.debug_loc,"",%progbits
 865              	.Ldebug_loc0:
 866              	.LLST0:
 867 0000 1C000000 		.4byte	.LVL2
 868 0004 38000000 		.4byte	.LVL6
 869 0008 0100     		.2byte	0x1
 870 000a 54       		.byte	0x54
 871 000b 3A000000 		.4byte	.LVL7
 872 000f 40000000 		.4byte	.LVL8
 873 0013 0100     		.2byte	0x1
 874 0015 54       		.byte	0x54
 875 0016 00000000 		.4byte	0
 876 001a 00000000 		.4byte	0
 877              	.LLST1:
 878 001e 4E000000 		.4byte	.LVL9
 879 0022 6A000000 		.4byte	.LVL13
 880 0026 0100     		.2byte	0x1
 881 0028 54       		.byte	0x54
 882 0029 6C000000 		.4byte	.LVL14
 883 002d 70000000 		.4byte	.LVL15
ARM GAS  C:\Users\John_B\AppData\Local\Temp\ccOzC5JK.s 			page 18


 884 0031 0100     		.2byte	0x1
 885 0033 54       		.byte	0x54
 886 0034 00000000 		.4byte	0
 887 0038 00000000 		.4byte	0
 888              		.section	.debug_aranges,"",%progbits
 889 0000 24000000 		.4byte	0x24
 890 0004 0200     		.2byte	0x2
 891 0006 00000000 		.4byte	.Ldebug_info0
 892 000a 04       		.byte	0x4
 893 000b 00       		.byte	0
 894 000c 0000     		.2byte	0
 895 000e 0000     		.2byte	0
 896 0010 00000000 		.4byte	.LFB32
 897 0014 24000000 		.4byte	.LFE32-.LFB32
 898 0018 00000000 		.4byte	.LFB33
 899 001c E0000000 		.4byte	.LFE33-.LFB33
 900 0020 00000000 		.4byte	0
 901 0024 00000000 		.4byte	0
 902              		.section	.debug_ranges,"",%progbits
 903              	.Ldebug_ranges0:
 904 0000 1C000000 		.4byte	.LBB2
 905 0004 38000000 		.4byte	.LBE2
 906 0008 3A000000 		.4byte	.LBB3
 907 000c 40000000 		.4byte	.LBE3
 908 0010 00000000 		.4byte	0
 909 0014 00000000 		.4byte	0
 910 0018 4C000000 		.4byte	.LBB4
 911 001c 6A000000 		.4byte	.LBE4
 912 0020 6C000000 		.4byte	.LBB5
 913 0024 70000000 		.4byte	.LBE5
 914 0028 00000000 		.4byte	0
 915 002c 00000000 		.4byte	0
 916 0030 00000000 		.4byte	.LFB32
 917 0034 24000000 		.4byte	.LFE32
 918 0038 00000000 		.4byte	.LFB33
 919 003c E0000000 		.4byte	.LFE33
 920 0040 00000000 		.4byte	0
 921 0044 00000000 		.4byte	0
 922              		.section	.debug_line,"",%progbits
 923              	.Ldebug_line0:
 924 0000 D3000000 		.section	.debug_str,"MS",%progbits,1
 924      02006400 
 924      00000201 
 924      FB0E0D00 
 924      01010101 
 925              	.LASF6:
 926 0000 6C6F6E67 		.ascii	"long long int\000"
 926      206C6F6E 
 926      6720696E 
 926      7400
 927              	.LASF22:
 928 000e 443A5C50 		.ascii	"D:\\PSoC\\PSOC_CY8CKIT-049-41\\002_7_segment_Led\\0"
 928      536F435C 
 928      50534F43 
 928      5F435938 
 928      434B4954 
 929 003d 30325F37 		.ascii	"02_7_segment_Led\\002_7_segment_Led.cydsn\000"
ARM GAS  C:\Users\John_B\AppData\Local\Temp\ccOzC5JK.s 			page 19


 929      5F736567 
 929      6D656E74 
 929      5F4C6564 
 929      5C303032 
 930              	.LASF21:
 931 0066 6D61696E 		.ascii	"main.c\000"
 931      2E6300
 932              	.LASF18:
 933 006d 43794465 		.ascii	"CyDelay\000"
 933      6C617900 
 934              	.LASF5:
 935 0075 6C6F6E67 		.ascii	"long unsigned int\000"
 935      20756E73 
 935      69676E65 
 935      6420696E 
 935      7400
 936              	.LASF7:
 937 0087 6C6F6E67 		.ascii	"long long unsigned int\000"
 937      206C6F6E 
 937      6720756E 
 937      7369676E 
 937      65642069 
 938              	.LASF9:
 939 009e 666C6F61 		.ascii	"float\000"
 939      7400
 940              	.LASF24:
 941 00a4 6D61696E 		.ascii	"main\000"
 941      00
 942              	.LASF17:
 943 00a9 4C65645F 		.ascii	"Led_Write\000"
 943      57726974 
 943      6500
 944              	.LASF1:
 945 00b3 756E7369 		.ascii	"unsigned char\000"
 945      676E6564 
 945      20636861 
 945      7200
 946              	.LASF11:
 947 00c1 63686172 		.ascii	"char\000"
 947      00
 948              	.LASF4:
 949 00c6 6C6F6E67 		.ascii	"long int\000"
 949      20696E74 
 949      00
 950              	.LASF10:
 951 00cf 646F7562 		.ascii	"double\000"
 951      6C6500
 952              	.LASF23:
 953 00d6 494E5F50 		.ascii	"IN_Pin_Handler\000"
 953      696E5F48 
 953      616E646C 
 953      657200
 954              	.LASF15:
 955 00e5 436F756E 		.ascii	"Count\000"
 955      7400
 956              	.LASF20:
 957 00eb 474E5520 		.ascii	"GNU C11 5.4.1 20160609 (release) [ARM/embedded-5-br"
ARM GAS  C:\Users\John_B\AppData\Local\Temp\ccOzC5JK.s 			page 20


 957      43313120 
 957      352E342E 
 957      31203230 
 957      31363036 
 958 011e 616E6368 		.ascii	"anch revision 237715] -mcpu=cortex-m0 -mthumb -g -O"
 958      20726576 
 958      6973696F 
 958      6E203233 
 958      37373135 
 959 0151 67202D66 		.ascii	"g -ffunction-sections -ffat-lto-objects\000"
 959      66756E63 
 959      74696F6E 
 959      2D736563 
 959      74696F6E 
 960              	.LASF3:
 961 0179 73686F72 		.ascii	"short unsigned int\000"
 961      7420756E 
 961      7369676E 
 961      65642069 
 961      6E7400
 962              	.LASF0:
 963 018c 7369676E 		.ascii	"signed char\000"
 963      65642063 
 963      68617200 
 964              	.LASF16:
 965 0198 494E5F50 		.ascii	"IN_Pin_ClearInterrupt\000"
 965      696E5F43 
 965      6C656172 
 965      496E7465 
 965      72727570 
 966              	.LASF19:
 967 01ae 494E5F50 		.ascii	"IN_Pin_Int_StartEx\000"
 967      696E5F49 
 967      6E745F53 
 967      74617274 
 967      457800
 968              	.LASF13:
 969 01c1 6C6F6E67 		.ascii	"long double\000"
 969      20646F75 
 969      626C6500 
 970              	.LASF2:
 971 01cd 73686F72 		.ascii	"short int\000"
 971      7420696E 
 971      7400
 972              	.LASF8:
 973 01d7 756E7369 		.ascii	"unsigned int\000"
 973      676E6564 
 973      20696E74 
 973      00
 974              	.LASF12:
 975 01e4 73697A65 		.ascii	"sizetype\000"
 975      74797065 
 975      00
 976              	.LASF14:
 977 01ed 6275626C 		.ascii	"bublic\000"
 977      696300
 978              		.ident	"GCC: (GNU Tools for ARM Embedded Processors) 5.4.1 20160609 (release) [ARM/embedded-5-bran
ARM GAS  C:\Users\John_B\AppData\Local\Temp\ccOzC5JK.s 			page 21


