ARM GAS  C:\Users\John_B\AppData\Local\Temp\ccjxBenO.s 			page 1


   1              		.syntax unified
   2              		.cpu cortex-m0
   3              		.fpu softvfp
   4              		.eabi_attribute 20, 1
   5              		.eabi_attribute 21, 1
   6              		.eabi_attribute 23, 3
   7              		.eabi_attribute 24, 1
   8              		.eabi_attribute 25, 1
   9              		.eabi_attribute 26, 1
  10              		.eabi_attribute 30, 1
  11              		.eabi_attribute 34, 0
  12              		.eabi_attribute 18, 4
  13              		.thumb
  14              		.syntax unified
  15              		.file	"main.c"
  16              		.text
  17              	.Ltext0:
  18              		.cfi_sections	.debug_frame
  19              		.section	.text.main,"ax",%progbits
  20              		.align	2
  21              		.global	main
  22              		.code	16
  23              		.thumb_func
  24              		.type	main, %function
  25              	main:
  26              	.LFB32:
  27              		.file 1 "main.c"
   1:main.c        **** /* ========================================
   2:main.c        ****  *
   3:main.c        ****  * Copyright YOUR COMPANY, THE YEAR
   4:main.c        ****  * All Rights Reserved
   5:main.c        ****  * UNPUBLISHED, LICENSED SOFTWARE.
   6:main.c        ****  *
   7:main.c        ****  * CONFIDENTIAL AND PROPRIETARY INFORMATION
   8:main.c        ****  * WHICH IS THE PROPERTY OF your company.
   9:main.c        ****  *
  10:main.c        ****  * ========================================
  11:main.c        **** */
  12:main.c        **** #include "project.h"
  13:main.c        **** //int led[5]={0xF,0xE,0xC,0x8,0x0};
  14:main.c        **** int main(void)
  15:main.c        **** {
  28              		.loc 1 15 0
  29              		.cfi_startproc
  30              		@ args = 0, pretend = 0, frame = 0
  31              		@ frame_needed = 0, uses_anonymous_args = 0
  32 0000 10B5     		push	{r4, lr}
  33              		.cfi_def_cfa_offset 8
  34              		.cfi_offset 4, -8
  35              		.cfi_offset 14, -4
  16:main.c        ****     CyGlobalIntEnable; /* Enable global interrupts. */
  36              		.loc 1 16 0
  37              		.syntax divided
  38              	@ 16 "main.c" 1
  39 0002 62B6     		CPSIE   i
  40              	@ 0 "" 2
  41              		.thumb
ARM GAS  C:\Users\John_B\AppData\Local\Temp\ccjxBenO.s 			page 2


  42              		.syntax unified
  43              	.L11:
  44              	.LVL0:
  45              	.LBB2:
  17:main.c        **** 
  18:main.c        ****     /* Place your initialization/startup code here (e.g. MyInst_Start()) */
  19:main.c        **** 
  20:main.c        ****     for(;;){
  21:main.c        **** //----------используем_массив_led[5]----------------//        
  22:main.c        **** //    for (uint8_t z =0;z<5;z++){
  23:main.c        **** //    LED_Write(led[z]);
  24:main.c        **** //    CyDelay(800);
  25:main.c        **** //    }
  26:main.c        **** //---------------------------------------------------//        
  27:main.c        ****     for (uint8_t z =0;z<5;z++){    
  46              		.loc 1 27 0
  47 0004 0024     		movs	r4, #0
  48 0006 2EE0     		b	.L2
  49              	.LVL1:
  50              	.L10:
  28:main.c        ****          switch(z){      
  51              		.loc 1 28 0
  52 0008 042C     		cmp	r4, #4
  53 000a 2AD8     		bhi	.L3
  54 000c A300     		lsls	r3, r4, #2
  55 000e 174A     		ldr	r2, .L12
  56 0010 D358     		ldr	r3, [r2, r3]
  57 0012 9F46     		mov	pc, r3
  58              		.section	.rodata
  59              		.align	2
  60              	.L5:
  61 0000 14000000 		.word	.L4
  62 0004 24000000 		.word	.L6
  63 0008 34000000 		.word	.L7
  64 000c 44000000 		.word	.L8
  65 0010 54000000 		.word	.L9
  66              		.section	.text.main
  67              	.L4:
  29:main.c        ****     case 0:
  30:main.c        ****         LED_Write(0xF);
  68              		.loc 1 30 0
  69 0014 0F20     		movs	r0, #15
  70 0016 FFF7FEFF 		bl	LED_Write
  71              	.LVL2:
  31:main.c        ****         CyDelay(800);
  72              		.loc 1 31 0
  73 001a C820     		movs	r0, #200
  74 001c 8000     		lsls	r0, r0, #2
  75 001e FFF7FEFF 		bl	CyDelay
  76              	.LVL3:
  32:main.c        ****         break;
  77              		.loc 1 32 0
  78 0022 1EE0     		b	.L3
  79              	.L6:
  33:main.c        ****     case 1:
  34:main.c        ****         LED_Write(0xE);
  80              		.loc 1 34 0
ARM GAS  C:\Users\John_B\AppData\Local\Temp\ccjxBenO.s 			page 3


  81 0024 0E20     		movs	r0, #14
  82 0026 FFF7FEFF 		bl	LED_Write
  83              	.LVL4:
  35:main.c        ****         CyDelay(800);
  84              		.loc 1 35 0
  85 002a C820     		movs	r0, #200
  86 002c 8000     		lsls	r0, r0, #2
  87 002e FFF7FEFF 		bl	CyDelay
  88              	.LVL5:
  36:main.c        ****         break;
  89              		.loc 1 36 0
  90 0032 16E0     		b	.L3
  91              	.L7:
  37:main.c        ****     case 2:
  38:main.c        ****         LED_Write(0xC);
  92              		.loc 1 38 0
  93 0034 0C20     		movs	r0, #12
  94 0036 FFF7FEFF 		bl	LED_Write
  95              	.LVL6:
  39:main.c        ****         CyDelay(800);
  96              		.loc 1 39 0
  97 003a C820     		movs	r0, #200
  98 003c 8000     		lsls	r0, r0, #2
  99 003e FFF7FEFF 		bl	CyDelay
 100              	.LVL7:
  40:main.c        ****         break;
 101              		.loc 1 40 0
 102 0042 0EE0     		b	.L3
 103              	.L8:
  41:main.c        ****     case 3:
  42:main.c        ****         LED_Write(0x8);
 104              		.loc 1 42 0
 105 0044 0820     		movs	r0, #8
 106 0046 FFF7FEFF 		bl	LED_Write
 107              	.LVL8:
  43:main.c        ****         CyDelay(800);
 108              		.loc 1 43 0
 109 004a C820     		movs	r0, #200
 110 004c 8000     		lsls	r0, r0, #2
 111 004e FFF7FEFF 		bl	CyDelay
 112              	.LVL9:
  44:main.c        ****         break;
 113              		.loc 1 44 0
 114 0052 06E0     		b	.L3
 115              	.L9:
  45:main.c        ****     case 4:
  46:main.c        ****         LED_Write(0x0);
 116              		.loc 1 46 0
 117 0054 0020     		movs	r0, #0
 118 0056 FFF7FEFF 		bl	LED_Write
 119              	.LVL10:
  47:main.c        ****         CyDelay(800);
 120              		.loc 1 47 0
 121 005a C820     		movs	r0, #200
 122 005c 8000     		lsls	r0, r0, #2
 123 005e FFF7FEFF 		bl	CyDelay
 124              	.LVL11:
ARM GAS  C:\Users\John_B\AppData\Local\Temp\ccjxBenO.s 			page 4


 125              	.L3:
  27:main.c        ****          switch(z){      
 126              		.loc 1 27 0 discriminator 2
 127 0062 0134     		adds	r4, r4, #1
 128              	.LVL12:
 129 0064 E4B2     		uxtb	r4, r4
 130              	.LVL13:
 131              	.L2:
  27:main.c        ****          switch(z){      
 132              		.loc 1 27 0 is_stmt 0 discriminator 1
 133 0066 042C     		cmp	r4, #4
 134 0068 CED9     		bls	.L10
 135 006a CBE7     		b	.L11
 136              	.L13:
 137              		.align	2
 138              	.L12:
 139 006c 00000000 		.word	.L5
 140              	.LBE2:
 141              		.cfi_endproc
 142              	.LFE32:
 143              		.size	main, .-main
 144              		.text
 145              	.Letext0:
 146              		.file 2 "c:\\program files (x86)\\cypress\\psoc creator\\4.3\\psoc creator\\import\\gnu\\arm\\5.4.
 147              		.file 3 "c:\\program files (x86)\\cypress\\psoc creator\\4.3\\psoc creator\\import\\gnu\\arm\\5.4.
 148              		.file 4 "Generated_Source\\PSoC4/LED.h"
 149              		.file 5 "Generated_Source\\PSoC4/CyLib.h"
 150              		.section	.debug_info,"",%progbits
 151              	.Ldebug_info0:
 152 0000 AC010000 		.4byte	0x1ac
 153 0004 0400     		.2byte	0x4
 154 0006 00000000 		.4byte	.Ldebug_abbrev0
 155 000a 04       		.byte	0x4
 156 000b 01       		.uleb128 0x1
 157 000c 98000000 		.4byte	.LASF18
 158 0010 0C       		.byte	0xc
 159 0011 1B000000 		.4byte	.LASF19
 160 0015 45010000 		.4byte	.LASF20
 161 0019 00000000 		.4byte	.Ldebug_ranges0+0
 162 001d 00000000 		.4byte	0
 163 0021 00000000 		.4byte	.Ldebug_line0
 164 0025 02       		.uleb128 0x2
 165 0026 01       		.byte	0x1
 166 0027 06       		.byte	0x6
 167 0028 39010000 		.4byte	.LASF0
 168 002c 03       		.uleb128 0x3
 169 002d 5D000000 		.4byte	.LASF9
 170 0031 02       		.byte	0x2
 171 0032 1D       		.byte	0x1d
 172 0033 37000000 		.4byte	0x37
 173 0037 02       		.uleb128 0x2
 174 0038 01       		.byte	0x1
 175 0039 08       		.byte	0x8
 176 003a 75000000 		.4byte	.LASF1
 177 003e 02       		.uleb128 0x2
 178 003f 02       		.byte	0x2
 179 0040 05       		.byte	0x5
ARM GAS  C:\Users\John_B\AppData\Local\Temp\ccjxBenO.s 			page 5


 180 0041 B7010000 		.4byte	.LASF2
 181 0045 02       		.uleb128 0x2
 182 0046 02       		.byte	0x2
 183 0047 07       		.byte	0x7
 184 0048 26010000 		.4byte	.LASF3
 185 004c 02       		.uleb128 0x2
 186 004d 04       		.byte	0x4
 187 004e 05       		.byte	0x5
 188 004f 88000000 		.4byte	.LASF4
 189 0053 02       		.uleb128 0x2
 190 0054 04       		.byte	0x4
 191 0055 07       		.byte	0x7
 192 0056 34000000 		.4byte	.LASF5
 193 005a 02       		.uleb128 0x2
 194 005b 08       		.byte	0x8
 195 005c 05       		.byte	0x5
 196 005d 00000000 		.4byte	.LASF6
 197 0061 02       		.uleb128 0x2
 198 0062 08       		.byte	0x8
 199 0063 07       		.byte	0x7
 200 0064 46000000 		.4byte	.LASF7
 201 0068 04       		.uleb128 0x4
 202 0069 04       		.byte	0x4
 203 006a 05       		.byte	0x5
 204 006b 696E7400 		.ascii	"int\000"
 205 006f 02       		.uleb128 0x2
 206 0070 04       		.byte	0x4
 207 0071 07       		.byte	0x7
 208 0072 0E000000 		.4byte	.LASF8
 209 0076 03       		.uleb128 0x3
 210 0077 6D000000 		.4byte	.LASF10
 211 007b 03       		.byte	0x3
 212 007c 18       		.byte	0x18
 213 007d 2C000000 		.4byte	0x2c
 214 0081 02       		.uleb128 0x2
 215 0082 04       		.byte	0x4
 216 0083 04       		.byte	0x4
 217 0084 67000000 		.4byte	.LASF11
 218 0088 02       		.uleb128 0x2
 219 0089 08       		.byte	0x8
 220 008a 04       		.byte	0x4
 221 008b 91000000 		.4byte	.LASF12
 222 008f 02       		.uleb128 0x2
 223 0090 01       		.byte	0x1
 224 0091 08       		.byte	0x8
 225 0092 83000000 		.4byte	.LASF13
 226 0096 02       		.uleb128 0x2
 227 0097 04       		.byte	0x4
 228 0098 07       		.byte	0x7
 229 0099 C1010000 		.4byte	.LASF14
 230 009d 02       		.uleb128 0x2
 231 009e 08       		.byte	0x8
 232 009f 04       		.byte	0x4
 233 00a0 AB010000 		.4byte	.LASF15
 234 00a4 05       		.uleb128 0x5
 235 00a5 A6010000 		.4byte	.LASF21
 236 00a9 01       		.byte	0x1
ARM GAS  C:\Users\John_B\AppData\Local\Temp\ccjxBenO.s 			page 6


 237 00aa 0E       		.byte	0xe
 238 00ab 68000000 		.4byte	0x68
 239 00af 00000000 		.4byte	.LFB32
 240 00b3 70000000 		.4byte	.LFE32-.LFB32
 241 00b7 01       		.uleb128 0x1
 242 00b8 9C       		.byte	0x9c
 243 00b9 99010000 		.4byte	0x199
 244 00bd 06       		.uleb128 0x6
 245 00be 04000000 		.4byte	.LBB2
 246 00c2 6C000000 		.4byte	.LBE2-.LBB2
 247 00c6 07       		.uleb128 0x7
 248 00c7 7A00     		.ascii	"z\000"
 249 00c9 01       		.byte	0x1
 250 00ca 1B       		.byte	0x1b
 251 00cb 76000000 		.4byte	0x76
 252 00cf 00000000 		.4byte	.LLST0
 253 00d3 08       		.uleb128 0x8
 254 00d4 1A000000 		.4byte	.LVL2
 255 00d8 99010000 		.4byte	0x199
 256 00dc E6000000 		.4byte	0xe6
 257 00e0 09       		.uleb128 0x9
 258 00e1 01       		.uleb128 0x1
 259 00e2 50       		.byte	0x50
 260 00e3 01       		.uleb128 0x1
 261 00e4 3F       		.byte	0x3f
 262 00e5 00       		.byte	0
 263 00e6 08       		.uleb128 0x8
 264 00e7 22000000 		.4byte	.LVL3
 265 00eb A4010000 		.4byte	0x1a4
 266 00ef FB000000 		.4byte	0xfb
 267 00f3 09       		.uleb128 0x9
 268 00f4 01       		.uleb128 0x1
 269 00f5 50       		.byte	0x50
 270 00f6 03       		.uleb128 0x3
 271 00f7 0A       		.byte	0xa
 272 00f8 2003     		.2byte	0x320
 273 00fa 00       		.byte	0
 274 00fb 08       		.uleb128 0x8
 275 00fc 2A000000 		.4byte	.LVL4
 276 0100 99010000 		.4byte	0x199
 277 0104 0E010000 		.4byte	0x10e
 278 0108 09       		.uleb128 0x9
 279 0109 01       		.uleb128 0x1
 280 010a 50       		.byte	0x50
 281 010b 01       		.uleb128 0x1
 282 010c 3E       		.byte	0x3e
 283 010d 00       		.byte	0
 284 010e 08       		.uleb128 0x8
 285 010f 32000000 		.4byte	.LVL5
 286 0113 A4010000 		.4byte	0x1a4
 287 0117 23010000 		.4byte	0x123
 288 011b 09       		.uleb128 0x9
 289 011c 01       		.uleb128 0x1
 290 011d 50       		.byte	0x50
 291 011e 03       		.uleb128 0x3
 292 011f 0A       		.byte	0xa
 293 0120 2003     		.2byte	0x320
ARM GAS  C:\Users\John_B\AppData\Local\Temp\ccjxBenO.s 			page 7


 294 0122 00       		.byte	0
 295 0123 08       		.uleb128 0x8
 296 0124 3A000000 		.4byte	.LVL6
 297 0128 99010000 		.4byte	0x199
 298 012c 36010000 		.4byte	0x136
 299 0130 09       		.uleb128 0x9
 300 0131 01       		.uleb128 0x1
 301 0132 50       		.byte	0x50
 302 0133 01       		.uleb128 0x1
 303 0134 3C       		.byte	0x3c
 304 0135 00       		.byte	0
 305 0136 08       		.uleb128 0x8
 306 0137 42000000 		.4byte	.LVL7
 307 013b A4010000 		.4byte	0x1a4
 308 013f 4B010000 		.4byte	0x14b
 309 0143 09       		.uleb128 0x9
 310 0144 01       		.uleb128 0x1
 311 0145 50       		.byte	0x50
 312 0146 03       		.uleb128 0x3
 313 0147 0A       		.byte	0xa
 314 0148 2003     		.2byte	0x320
 315 014a 00       		.byte	0
 316 014b 08       		.uleb128 0x8
 317 014c 4A000000 		.4byte	.LVL8
 318 0150 99010000 		.4byte	0x199
 319 0154 5E010000 		.4byte	0x15e
 320 0158 09       		.uleb128 0x9
 321 0159 01       		.uleb128 0x1
 322 015a 50       		.byte	0x50
 323 015b 01       		.uleb128 0x1
 324 015c 38       		.byte	0x38
 325 015d 00       		.byte	0
 326 015e 08       		.uleb128 0x8
 327 015f 52000000 		.4byte	.LVL9
 328 0163 A4010000 		.4byte	0x1a4
 329 0167 73010000 		.4byte	0x173
 330 016b 09       		.uleb128 0x9
 331 016c 01       		.uleb128 0x1
 332 016d 50       		.byte	0x50
 333 016e 03       		.uleb128 0x3
 334 016f 0A       		.byte	0xa
 335 0170 2003     		.2byte	0x320
 336 0172 00       		.byte	0
 337 0173 08       		.uleb128 0x8
 338 0174 5A000000 		.4byte	.LVL10
 339 0178 99010000 		.4byte	0x199
 340 017c 86010000 		.4byte	0x186
 341 0180 09       		.uleb128 0x9
 342 0181 01       		.uleb128 0x1
 343 0182 50       		.byte	0x50
 344 0183 01       		.uleb128 0x1
 345 0184 30       		.byte	0x30
 346 0185 00       		.byte	0
 347 0186 0A       		.uleb128 0xa
 348 0187 62000000 		.4byte	.LVL11
 349 018b A4010000 		.4byte	0x1a4
 350 018f 09       		.uleb128 0x9
ARM GAS  C:\Users\John_B\AppData\Local\Temp\ccjxBenO.s 			page 8


 351 0190 01       		.uleb128 0x1
 352 0191 50       		.byte	0x50
 353 0192 03       		.uleb128 0x3
 354 0193 0A       		.byte	0xa
 355 0194 2003     		.2byte	0x320
 356 0196 00       		.byte	0
 357 0197 00       		.byte	0
 358 0198 00       		.byte	0
 359 0199 0B       		.uleb128 0xb
 360 019a 2A000000 		.4byte	.LASF16
 361 019e 2A000000 		.4byte	.LASF16
 362 01a2 04       		.byte	0x4
 363 01a3 33       		.byte	0x33
 364 01a4 0B       		.uleb128 0xb
 365 01a5 22000000 		.4byte	.LASF17
 366 01a9 22000000 		.4byte	.LASF17
 367 01ad 05       		.byte	0x5
 368 01ae EC       		.byte	0xec
 369 01af 00       		.byte	0
 370              		.section	.debug_abbrev,"",%progbits
 371              	.Ldebug_abbrev0:
 372 0000 01       		.uleb128 0x1
 373 0001 11       		.uleb128 0x11
 374 0002 01       		.byte	0x1
 375 0003 25       		.uleb128 0x25
 376 0004 0E       		.uleb128 0xe
 377 0005 13       		.uleb128 0x13
 378 0006 0B       		.uleb128 0xb
 379 0007 03       		.uleb128 0x3
 380 0008 0E       		.uleb128 0xe
 381 0009 1B       		.uleb128 0x1b
 382 000a 0E       		.uleb128 0xe
 383 000b 55       		.uleb128 0x55
 384 000c 17       		.uleb128 0x17
 385 000d 11       		.uleb128 0x11
 386 000e 01       		.uleb128 0x1
 387 000f 10       		.uleb128 0x10
 388 0010 17       		.uleb128 0x17
 389 0011 00       		.byte	0
 390 0012 00       		.byte	0
 391 0013 02       		.uleb128 0x2
 392 0014 24       		.uleb128 0x24
 393 0015 00       		.byte	0
 394 0016 0B       		.uleb128 0xb
 395 0017 0B       		.uleb128 0xb
 396 0018 3E       		.uleb128 0x3e
 397 0019 0B       		.uleb128 0xb
 398 001a 03       		.uleb128 0x3
 399 001b 0E       		.uleb128 0xe
 400 001c 00       		.byte	0
 401 001d 00       		.byte	0
 402 001e 03       		.uleb128 0x3
 403 001f 16       		.uleb128 0x16
 404 0020 00       		.byte	0
 405 0021 03       		.uleb128 0x3
 406 0022 0E       		.uleb128 0xe
 407 0023 3A       		.uleb128 0x3a
ARM GAS  C:\Users\John_B\AppData\Local\Temp\ccjxBenO.s 			page 9


 408 0024 0B       		.uleb128 0xb
 409 0025 3B       		.uleb128 0x3b
 410 0026 0B       		.uleb128 0xb
 411 0027 49       		.uleb128 0x49
 412 0028 13       		.uleb128 0x13
 413 0029 00       		.byte	0
 414 002a 00       		.byte	0
 415 002b 04       		.uleb128 0x4
 416 002c 24       		.uleb128 0x24
 417 002d 00       		.byte	0
 418 002e 0B       		.uleb128 0xb
 419 002f 0B       		.uleb128 0xb
 420 0030 3E       		.uleb128 0x3e
 421 0031 0B       		.uleb128 0xb
 422 0032 03       		.uleb128 0x3
 423 0033 08       		.uleb128 0x8
 424 0034 00       		.byte	0
 425 0035 00       		.byte	0
 426 0036 05       		.uleb128 0x5
 427 0037 2E       		.uleb128 0x2e
 428 0038 01       		.byte	0x1
 429 0039 3F       		.uleb128 0x3f
 430 003a 19       		.uleb128 0x19
 431 003b 03       		.uleb128 0x3
 432 003c 0E       		.uleb128 0xe
 433 003d 3A       		.uleb128 0x3a
 434 003e 0B       		.uleb128 0xb
 435 003f 3B       		.uleb128 0x3b
 436 0040 0B       		.uleb128 0xb
 437 0041 27       		.uleb128 0x27
 438 0042 19       		.uleb128 0x19
 439 0043 49       		.uleb128 0x49
 440 0044 13       		.uleb128 0x13
 441 0045 8701     		.uleb128 0x87
 442 0047 19       		.uleb128 0x19
 443 0048 11       		.uleb128 0x11
 444 0049 01       		.uleb128 0x1
 445 004a 12       		.uleb128 0x12
 446 004b 06       		.uleb128 0x6
 447 004c 40       		.uleb128 0x40
 448 004d 18       		.uleb128 0x18
 449 004e 9742     		.uleb128 0x2117
 450 0050 19       		.uleb128 0x19
 451 0051 01       		.uleb128 0x1
 452 0052 13       		.uleb128 0x13
 453 0053 00       		.byte	0
 454 0054 00       		.byte	0
 455 0055 06       		.uleb128 0x6
 456 0056 0B       		.uleb128 0xb
 457 0057 01       		.byte	0x1
 458 0058 11       		.uleb128 0x11
 459 0059 01       		.uleb128 0x1
 460 005a 12       		.uleb128 0x12
 461 005b 06       		.uleb128 0x6
 462 005c 00       		.byte	0
 463 005d 00       		.byte	0
 464 005e 07       		.uleb128 0x7
ARM GAS  C:\Users\John_B\AppData\Local\Temp\ccjxBenO.s 			page 10


 465 005f 34       		.uleb128 0x34
 466 0060 00       		.byte	0
 467 0061 03       		.uleb128 0x3
 468 0062 08       		.uleb128 0x8
 469 0063 3A       		.uleb128 0x3a
 470 0064 0B       		.uleb128 0xb
 471 0065 3B       		.uleb128 0x3b
 472 0066 0B       		.uleb128 0xb
 473 0067 49       		.uleb128 0x49
 474 0068 13       		.uleb128 0x13
 475 0069 02       		.uleb128 0x2
 476 006a 17       		.uleb128 0x17
 477 006b 00       		.byte	0
 478 006c 00       		.byte	0
 479 006d 08       		.uleb128 0x8
 480 006e 898201   		.uleb128 0x4109
 481 0071 01       		.byte	0x1
 482 0072 11       		.uleb128 0x11
 483 0073 01       		.uleb128 0x1
 484 0074 31       		.uleb128 0x31
 485 0075 13       		.uleb128 0x13
 486 0076 01       		.uleb128 0x1
 487 0077 13       		.uleb128 0x13
 488 0078 00       		.byte	0
 489 0079 00       		.byte	0
 490 007a 09       		.uleb128 0x9
 491 007b 8A8201   		.uleb128 0x410a
 492 007e 00       		.byte	0
 493 007f 02       		.uleb128 0x2
 494 0080 18       		.uleb128 0x18
 495 0081 9142     		.uleb128 0x2111
 496 0083 18       		.uleb128 0x18
 497 0084 00       		.byte	0
 498 0085 00       		.byte	0
 499 0086 0A       		.uleb128 0xa
 500 0087 898201   		.uleb128 0x4109
 501 008a 01       		.byte	0x1
 502 008b 11       		.uleb128 0x11
 503 008c 01       		.uleb128 0x1
 504 008d 31       		.uleb128 0x31
 505 008e 13       		.uleb128 0x13
 506 008f 00       		.byte	0
 507 0090 00       		.byte	0
 508 0091 0B       		.uleb128 0xb
 509 0092 2E       		.uleb128 0x2e
 510 0093 00       		.byte	0
 511 0094 3F       		.uleb128 0x3f
 512 0095 19       		.uleb128 0x19
 513 0096 3C       		.uleb128 0x3c
 514 0097 19       		.uleb128 0x19
 515 0098 6E       		.uleb128 0x6e
 516 0099 0E       		.uleb128 0xe
 517 009a 03       		.uleb128 0x3
 518 009b 0E       		.uleb128 0xe
 519 009c 3A       		.uleb128 0x3a
 520 009d 0B       		.uleb128 0xb
 521 009e 3B       		.uleb128 0x3b
ARM GAS  C:\Users\John_B\AppData\Local\Temp\ccjxBenO.s 			page 11


 522 009f 0B       		.uleb128 0xb
 523 00a0 00       		.byte	0
 524 00a1 00       		.byte	0
 525 00a2 00       		.byte	0
 526              		.section	.debug_loc,"",%progbits
 527              	.Ldebug_loc0:
 528              	.LLST0:
 529 0000 04000000 		.4byte	.LVL0
 530 0004 08000000 		.4byte	.LVL1
 531 0008 0200     		.2byte	0x2
 532 000a 30       		.byte	0x30
 533 000b 9F       		.byte	0x9f
 534 000c 08000000 		.4byte	.LVL1
 535 0010 64000000 		.4byte	.LVL12
 536 0014 0100     		.2byte	0x1
 537 0016 54       		.byte	0x54
 538 0017 66000000 		.4byte	.LVL13
 539 001b 70000000 		.4byte	.LFE32
 540 001f 0100     		.2byte	0x1
 541 0021 54       		.byte	0x54
 542 0022 00000000 		.4byte	0
 543 0026 00000000 		.4byte	0
 544              		.section	.debug_aranges,"",%progbits
 545 0000 1C000000 		.4byte	0x1c
 546 0004 0200     		.2byte	0x2
 547 0006 00000000 		.4byte	.Ldebug_info0
 548 000a 04       		.byte	0x4
 549 000b 00       		.byte	0
 550 000c 0000     		.2byte	0
 551 000e 0000     		.2byte	0
 552 0010 00000000 		.4byte	.LFB32
 553 0014 70000000 		.4byte	.LFE32-.LFB32
 554 0018 00000000 		.4byte	0
 555 001c 00000000 		.4byte	0
 556              		.section	.debug_ranges,"",%progbits
 557              	.Ldebug_ranges0:
 558 0000 00000000 		.4byte	.LFB32
 559 0004 70000000 		.4byte	.LFE32
 560 0008 00000000 		.4byte	0
 561 000c 00000000 		.4byte	0
 562              		.section	.debug_line,"",%progbits
 563              	.Ldebug_line0:
 564 0000 7A010000 		.section	.debug_str,"MS",%progbits,1
 564      02004501 
 564      00000201 
 564      FB0E0D00 
 564      01010101 
 565              	.LASF6:
 566 0000 6C6F6E67 		.ascii	"long long int\000"
 566      206C6F6E 
 566      6720696E 
 566      7400
 567              	.LASF8:
 568 000e 756E7369 		.ascii	"unsigned int\000"
 568      676E6564 
 568      20696E74 
 568      00
ARM GAS  C:\Users\John_B\AppData\Local\Temp\ccjxBenO.s 			page 12


 569              	.LASF19:
 570 001b 6D61696E 		.ascii	"main.c\000"
 570      2E6300
 571              	.LASF17:
 572 0022 43794465 		.ascii	"CyDelay\000"
 572      6C617900 
 573              	.LASF16:
 574 002a 4C45445F 		.ascii	"LED_Write\000"
 574      57726974 
 574      6500
 575              	.LASF5:
 576 0034 6C6F6E67 		.ascii	"long unsigned int\000"
 576      20756E73 
 576      69676E65 
 576      6420696E 
 576      7400
 577              	.LASF7:
 578 0046 6C6F6E67 		.ascii	"long long unsigned int\000"
 578      206C6F6E 
 578      6720756E 
 578      7369676E 
 578      65642069 
 579              	.LASF9:
 580 005d 5F5F7569 		.ascii	"__uint8_t\000"
 580      6E74385F 
 580      7400
 581              	.LASF11:
 582 0067 666C6F61 		.ascii	"float\000"
 582      7400
 583              	.LASF10:
 584 006d 75696E74 		.ascii	"uint8_t\000"
 584      385F7400 
 585              	.LASF1:
 586 0075 756E7369 		.ascii	"unsigned char\000"
 586      676E6564 
 586      20636861 
 586      7200
 587              	.LASF13:
 588 0083 63686172 		.ascii	"char\000"
 588      00
 589              	.LASF4:
 590 0088 6C6F6E67 		.ascii	"long int\000"
 590      20696E74 
 590      00
 591              	.LASF12:
 592 0091 646F7562 		.ascii	"double\000"
 592      6C6500
 593              	.LASF18:
 594 0098 474E5520 		.ascii	"GNU C11 5.4.1 20160609 (release) [ARM/embedded-5-br"
 594      43313120 
 594      352E342E 
 594      31203230 
 594      31363036 
 595 00cb 616E6368 		.ascii	"anch revision 237715] -mcpu=cortex-m0 -mthumb -g -O"
 595      20726576 
 595      6973696F 
 595      6E203233 
ARM GAS  C:\Users\John_B\AppData\Local\Temp\ccjxBenO.s 			page 13


 595      37373135 
 596 00fe 67202D66 		.ascii	"g -ffunction-sections -ffat-lto-objects\000"
 596      66756E63 
 596      74696F6E 
 596      2D736563 
 596      74696F6E 
 597              	.LASF3:
 598 0126 73686F72 		.ascii	"short unsigned int\000"
 598      7420756E 
 598      7369676E 
 598      65642069 
 598      6E7400
 599              	.LASF0:
 600 0139 7369676E 		.ascii	"signed char\000"
 600      65642063 
 600      68617200 
 601              	.LASF20:
 602 0145 443A5C47 		.ascii	"D:\\GIT\\PSOC_CY8CKIT-049-41\\002_GPIO\\001_Softwar"
 602      49545C50 
 602      534F435F 
 602      43593843 
 602      4B49542D 
 603 0174 65204F75 		.ascii	"e Output Pins\\Software Output Pins\\Design01.cydsn"
 603      74707574 
 603      2050696E 
 603      735C536F 
 603      66747761 
 604 01a5 00       		.ascii	"\000"
 605              	.LASF21:
 606 01a6 6D61696E 		.ascii	"main\000"
 606      00
 607              	.LASF15:
 608 01ab 6C6F6E67 		.ascii	"long double\000"
 608      20646F75 
 608      626C6500 
 609              	.LASF2:
 610 01b7 73686F72 		.ascii	"short int\000"
 610      7420696E 
 610      7400
 611              	.LASF14:
 612 01c1 73697A65 		.ascii	"sizetype\000"
 612      74797065 
 612      00
 613              		.ident	"GCC: (GNU Tools for ARM Embedded Processors) 5.4.1 20160609 (release) [ARM/embedded-5-bran
